#! /c/Source/iverilog-install/bin/vvp
:ivl_version "12.0 (devel)" "(s20150603-1539-g2693dd32b)";
:ivl_delay_selection "TYPICAL";
:vpi_time_precision - 12;
:vpi_module "D:\iverilog\lib\ivl\system.vpi";
:vpi_module "D:\iverilog\lib\ivl\vhdl_sys.vpi";
:vpi_module "D:\iverilog\lib\ivl\vhdl_textio.vpi";
:vpi_module "D:\iverilog\lib\ivl\v2005_math.vpi";
:vpi_module "D:\iverilog\lib\ivl\va_math.vpi";
S_000001ef6bda1a20 .scope module, "tb_top_module" "tb_top_module" 2 4;
 .timescale -9 -12;
v000001ef6be2ed10_0 .var "clk", 0 0;
v000001ef6be2ee50_0 .net "color", 2 0, v000001ef6bd9ca60_0;  1 drivers
L_000001ef6bf00088 .functor BUFT 1, C4<011>, C4<0>, C4<0>, C4<0>;
v000001ef6be2eef0_0 .net "led_s0_s1", 2 0, L_000001ef6bf00088;  1 drivers
v000001ef6be2ef90_0 .var "rst", 0 0;
v000001ef6be30c20_0 .net "s2_s3", 1 0, v000001ef6be2e590_0;  1 drivers
v000001ef6be30400_0 .var "sensor_out", 0 0;
S_000001ef6bd9c8d0 .scope begin, "TEST_CASE" "TEST_CASE" 2 88, 2 88 0, S_000001ef6bda1a20;
 .timescale -9 -12;
S_000001ef6bdc3310 .scope module, "uut" "top_module" 2 13, 3 4 0, S_000001ef6bda1a20;
 .timescale -9 -12;
    .port_info 0 /INPUT 1 "clk";
    .port_info 1 /INPUT 1 "sensor_out";
    .port_info 2 /OUTPUT 3 "color";
    .port_info 3 /OUTPUT 2 "s2_s3";
    .port_info 4 /OUTPUT 3 "led_s0_s1";
    .port_info 5 /OUTPUT 1 "luz";
v000001ef6be2edb0_0 .net "blue_norm", 15 0, v000001ef6bdc6830_0;  1 drivers
v000001ef6be2e9f0_0 .net "clk", 0 0, v000001ef6be2ed10_0;  1 drivers
v000001ef6be2e8b0_0 .net "color", 2 0, v000001ef6bd9ca60_0;  alias, 1 drivers
v000001ef6be2ea90_0 .net "green_norm", 15 0, v000001ef6be2ebd0_0;  1 drivers
v000001ef6be2e810_0 .net "led_s0_s1", 2 0, L_000001ef6bf00088;  alias, 1 drivers
v000001ef6be2eb30_0 .net "luz", 0 0, v000001ef6be2e630_0;  1 drivers
v000001ef6be2e450_0 .net "red_norm", 15 0, v000001ef6be2e1d0_0;  1 drivers
v000001ef6be2e950_0 .net "s2_s3", 1 0, v000001ef6be2e590_0;  alias, 1 drivers
v000001ef6be2ec70_0 .net "sensor_out", 0 0, v000001ef6be30400_0;  1 drivers
S_000001ef6bdc34a0 .scope module, "identifier_inst" "color_identifier" 3 34, 4 1 0, S_000001ef6bdc3310;
 .timescale -9 -12;
    .port_info 0 /INPUT 16 "red_norm";
    .port_info 1 /INPUT 16 "green_norm";
    .port_info 2 /INPUT 16 "blue_norm";
    .port_info 3 /OUTPUT 3 "color";
v000001ef6bd72bf0_0 .net "blue_norm", 15 0, v000001ef6bdc6830_0;  alias, 1 drivers
v000001ef6bd9ca60_0 .var "color", 2 0;
v000001ef6bdc3630_0 .net "green_norm", 15 0, v000001ef6be2ebd0_0;  alias, 1 drivers
v000001ef6bdc36d0_0 .net "red_norm", 15 0, v000001ef6be2e1d0_0;  alias, 1 drivers
E_000001ef6bd9ee00 .event anyedge, v000001ef6bdc36d0_0, v000001ef6bdc3630_0, v000001ef6bd72bf0_0;
S_000001ef6bdc6470 .scope module, "sensor_inst" "color_sensor3" 3 21, 5 1 0, S_000001ef6bdc3310;
 .timescale -9 -12;
    .port_info 0 /INPUT 1 "clk";
    .port_info 1 /INPUT 1 "rst";
    .port_info 2 /INPUT 1 "sensor_out";
    .port_info 3 /OUTPUT 16 "red_norm";
    .port_info 4 /OUTPUT 16 "green_norm";
    .port_info 5 /OUTPUT 16 "blue_norm";
    .port_info 6 /OUTPUT 1 "luz";
    .port_info 7 /OUTPUT 2 "s2_s3";
P_000001ef6bdc6600 .param/l "LUZ_THRESHOLD" 1 5 28, C4<0000000010010110>;
P_000001ef6bdc6638 .param/l "S_BLUE" 1 5 24, C4<10>;
P_000001ef6bdc6670 .param/l "S_CLEAR" 1 5 25, C4<11>;
P_000001ef6bdc66a8 .param/l "S_GREEN" 1 5 23, C4<01>;
P_000001ef6bdc66e0 .param/l "S_NORMALIZE" 1 5 26, C4<100>;
P_000001ef6bdc6718 .param/l "S_RED" 1 5 22, C4<00>;
P_000001ef6bdc6750 .param/l "TIME_LIMIT" 1 5 27, C4<00000000000000000000000111110100>;
v000001ef6bdc6790_0 .var "blue_count", 16 0;
v000001ef6bdc6830_0 .var "blue_norm", 15 0;
v000001ef6bdbcda0_0 .var "blue_value", 16 0;
v000001ef6bdbce40_0 .var "clear_count", 16 0;
v000001ef6bdbcee0_0 .var "clear_value", 16 0;
v000001ef6bdbcf80_0 .net "clk", 0 0, v000001ef6be2ed10_0;  alias, 1 drivers
v000001ef6bdbd020_0 .var "green_count", 16 0;
v000001ef6be2ebd0_0 .var "green_norm", 15 0;
v000001ef6be2e130_0 .var "green_value", 16 0;
v000001ef6be2e630_0 .var "luz", 0 0;
v000001ef6be2e770_0 .var "red_count", 16 0;
v000001ef6be2e1d0_0 .var "red_norm", 15 0;
v000001ef6be2e310_0 .var "red_value", 16 0;
L_000001ef6bf000d0 .functor BUFT 1, C4<0>, C4<0>, C4<0>, C4<0>;
v000001ef6be2e4f0_0 .net "rst", 0 0, L_000001ef6bf000d0;  1 drivers
v000001ef6be2e590_0 .var "s2_s3", 1 0;
v000001ef6be2e270_0 .net "sensor_out", 0 0, v000001ef6be30400_0;  alias, 1 drivers
v000001ef6be2e6d0_0 .var "sensor_out_prev", 0 0;
v000001ef6be2e090_0 .var "state", 2 0;
v000001ef6be2e3b0_0 .var "time_counter", 31 0;
E_000001ef6bd9ee40 .event posedge, v000001ef6be2e4f0_0, v000001ef6bdbcf80_0;
    .scope S_000001ef6bdc6470;
T_0 ;
    %pushi/vec4 0, 0, 17;
    %store/vec4 v000001ef6be2e770_0, 0, 17;
    %pushi/vec4 0, 0, 17;
    %store/vec4 v000001ef6bdbd020_0, 0, 17;
    %pushi/vec4 0, 0, 17;
    %store/vec4 v000001ef6bdc6790_0, 0, 17;
    %pushi/vec4 0, 0, 17;
    %store/vec4 v000001ef6bdbce40_0, 0, 17;
    %pushi/vec4 0, 0, 3;
    %store/vec4 v000001ef6be2e090_0, 0, 3;
    %pushi/vec4 0, 0, 32;
    %store/vec4 v000001ef6be2e3b0_0, 0, 32;
    %end;
    .thread T_0;
    .scope S_000001ef6bdc6470;
T_1 ;
    %wait E_000001ef6bd9ee40;
    %load/vec4 v000001ef6be2e4f0_0;
    %flag_set/vec4 8;
    %jmp/0xz  T_1.0, 8;
    %pushi/vec4 0, 0, 3;
    %assign/vec4 v000001ef6be2e090_0, 0;
    %pushi/vec4 0, 0, 2;
    %assign/vec4 v000001ef6be2e590_0, 0;
    %pushi/vec4 0, 0, 32;
    %assign/vec4 v000001ef6be2e3b0_0, 0;
    %pushi/vec4 0, 0, 1;
    %assign/vec4 v000001ef6be2e6d0_0, 0;
    %pushi/vec4 0, 0, 17;
    %assign/vec4 v000001ef6bdbcee0_0, 0;
    %jmp T_1.1;
T_1.0 ;
    %load/vec4 v000001ef6be2e3b0_0;
    %cmpi/u 500, 0, 32;
    %flag_inv 5; GE is !LT
    %jmp/0xz  T_1.2, 5;
    %pushi/vec4 0, 0, 32;
    %assign/vec4 v000001ef6be2e3b0_0, 0;
    %load/vec4 v000001ef6be2e090_0;
    %dup/vec4;
    %pushi/vec4 0, 0, 3;
    %cmp/u;
    %jmp/1 T_1.4, 6;
    %dup/vec4;
    %pushi/vec4 1, 0, 3;
    %cmp/u;
    %jmp/1 T_1.5, 6;
    %dup/vec4;
    %pushi/vec4 2, 0, 3;
    %cmp/u;
    %jmp/1 T_1.6, 6;
    %dup/vec4;
    %pushi/vec4 3, 0, 3;
    %cmp/u;
    %jmp/1 T_1.7, 6;
    %dup/vec4;
    %pushi/vec4 4, 0, 3;
    %cmp/u;
    %jmp/1 T_1.8, 6;
    %jmp T_1.9;
T_1.4 ;
    %pushi/vec4 3, 0, 2;
    %assign/vec4 v000001ef6be2e590_0, 0;
    %pushi/vec4 1, 0, 3;
    %assign/vec4 v000001ef6be2e090_0, 0;
    %jmp T_1.9;
T_1.5 ;
    %pushi/vec4 1, 0, 2;
    %assign/vec4 v000001ef6be2e590_0, 0;
    %pushi/vec4 2, 0, 3;
    %assign/vec4 v000001ef6be2e090_0, 0;
    %jmp T_1.9;
T_1.6 ;
    %pushi/vec4 2, 0, 2;
    %assign/vec4 v000001ef6be2e590_0, 0;
    %pushi/vec4 3, 0, 3;
    %assign/vec4 v000001ef6be2e090_0, 0;
    %jmp T_1.9;
T_1.7 ;
    %load/vec4 v000001ef6bdbce40_0;
    %assign/vec4 v000001ef6bdbcee0_0, 0;
    %pushi/vec4 4, 0, 3;
    %assign/vec4 v000001ef6be2e090_0, 0;
    %jmp T_1.9;
T_1.8 ;
    %pushi/vec4 0, 0, 3;
    %assign/vec4 v000001ef6be2e090_0, 0;
    %jmp T_1.9;
T_1.9 ;
    %pop/vec4 1;
    %jmp T_1.3;
T_1.2 ;
    %load/vec4 v000001ef6be2e3b0_0;
    %addi 1, 0, 32;
    %assign/vec4 v000001ef6be2e3b0_0, 0;
T_1.3 ;
    %load/vec4 v000001ef6be2e270_0;
    %assign/vec4 v000001ef6be2e6d0_0, 0;
T_1.1 ;
    %jmp T_1;
    .thread T_1;
    .scope S_000001ef6bdc6470;
T_2 ;
    %wait E_000001ef6bd9ee40;
    %load/vec4 v000001ef6be2e4f0_0;
    %flag_set/vec4 8;
    %jmp/0xz  T_2.0, 8;
    %pushi/vec4 0, 0, 17;
    %assign/vec4 v000001ef6be2e770_0, 0;
    %pushi/vec4 0, 0, 17;
    %assign/vec4 v000001ef6bdbd020_0, 0;
    %pushi/vec4 0, 0, 17;
    %assign/vec4 v000001ef6bdc6790_0, 0;
    %pushi/vec4 0, 0, 17;
    %assign/vec4 v000001ef6bdbce40_0, 0;
    %jmp T_2.1;
T_2.0 ;
    %load/vec4 v000001ef6be2e090_0;
    %dup/vec4;
    %pushi/vec4 0, 0, 3;
    %cmp/u;
    %jmp/1 T_2.2, 6;
    %dup/vec4;
    %pushi/vec4 1, 0, 3;
    %cmp/u;
    %jmp/1 T_2.3, 6;
    %dup/vec4;
    %pushi/vec4 2, 0, 3;
    %cmp/u;
    %jmp/1 T_2.4, 6;
    %dup/vec4;
    %pushi/vec4 3, 0, 3;
    %cmp/u;
    %jmp/1 T_2.5, 6;
    %dup/vec4;
    %pushi/vec4 4, 0, 3;
    %cmp/u;
    %jmp/1 T_2.6, 6;
    %jmp T_2.7;
T_2.2 ;
    %load/vec4 v000001ef6be2e270_0;
    %flag_set/vec4 9;
    %flag_get/vec4 9;
    %jmp/0 T_2.10, 9;
    %load/vec4 v000001ef6be2e6d0_0;
    %nor/r;
    %and;
T_2.10;
    %flag_set/vec4 8;
    %jmp/0xz  T_2.8, 8;
    %load/vec4 v000001ef6be2e770_0;
    %addi 1, 0, 17;
    %assign/vec4 v000001ef6be2e770_0, 0;
T_2.8 ;
    %jmp T_2.7;
T_2.3 ;
    %load/vec4 v000001ef6be2e270_0;
    %flag_set/vec4 9;
    %flag_get/vec4 9;
    %jmp/0 T_2.13, 9;
    %load/vec4 v000001ef6be2e6d0_0;
    %nor/r;
    %and;
T_2.13;
    %flag_set/vec4 8;
    %jmp/0xz  T_2.11, 8;
    %load/vec4 v000001ef6bdbd020_0;
    %addi 1, 0, 17;
    %assign/vec4 v000001ef6bdbd020_0, 0;
T_2.11 ;
    %jmp T_2.7;
T_2.4 ;
    %load/vec4 v000001ef6be2e270_0;
    %flag_set/vec4 9;
    %flag_get/vec4 9;
    %jmp/0 T_2.16, 9;
    %load/vec4 v000001ef6be2e6d0_0;
    %nor/r;
    %and;
T_2.16;
    %flag_set/vec4 8;
    %jmp/0xz  T_2.14, 8;
    %load/vec4 v000001ef6bdc6790_0;
    %addi 1, 0, 17;
    %assign/vec4 v000001ef6bdc6790_0, 0;
T_2.14 ;
    %jmp T_2.7;
T_2.5 ;
    %load/vec4 v000001ef6be2e270_0;
    %flag_set/vec4 9;
    %flag_get/vec4 9;
    %jmp/0 T_2.19, 9;
    %load/vec4 v000001ef6be2e6d0_0;
    %nor/r;
    %and;
T_2.19;
    %flag_set/vec4 8;
    %jmp/0xz  T_2.17, 8;
    %load/vec4 v000001ef6bdbce40_0;
    %addi 1, 0, 17;
    %assign/vec4 v000001ef6bdbce40_0, 0;
T_2.17 ;
    %jmp T_2.7;
T_2.6 ;
    %load/vec4 v000001ef6bdbce40_0;
    %pad/u 32;
    %cmpi/u 0, 0, 32;
    %flag_or 5, 4; GT is !LE
    %flag_inv 5;
    %jmp/0xz  T_2.20, 5;
    %load/vec4 v000001ef6be2e770_0;
    %pad/u 32;
    %muli 1000, 0, 32;
    %load/vec4 v000001ef6bdbce40_0;
    %pad/u 32;
    %div;
    %pad/u 17;
    %assign/vec4 v000001ef6be2e310_0, 0;
    %load/vec4 v000001ef6bdbd020_0;
    %pad/u 32;
    %muli 1000, 0, 32;
    %load/vec4 v000001ef6bdbce40_0;
    %pad/u 32;
    %div;
    %pad/u 17;
    %assign/vec4 v000001ef6be2e130_0, 0;
    %load/vec4 v000001ef6bdc6790_0;
    %pad/u 32;
    %muli 1000, 0, 32;
    %load/vec4 v000001ef6bdbce40_0;
    %pad/u 32;
    %div;
    %pad/u 17;
    %assign/vec4 v000001ef6bdbcda0_0, 0;
    %jmp T_2.21;
T_2.20 ;
    %pushi/vec4 0, 0, 17;
    %assign/vec4 v000001ef6be2e310_0, 0;
    %pushi/vec4 0, 0, 17;
    %assign/vec4 v000001ef6be2e130_0, 0;
    %pushi/vec4 0, 0, 17;
    %assign/vec4 v000001ef6bdbcda0_0, 0;
T_2.21 ;
    %load/vec4 v000001ef6be2e3b0_0;
    %cmpi/u 500, 0, 32;
    %flag_inv 5; GE is !LT
    %jmp/0xz  T_2.22, 5;
    %pushi/vec4 0, 0, 17;
    %assign/vec4 v000001ef6be2e770_0, 0;
    %pushi/vec4 0, 0, 17;
    %assign/vec4 v000001ef6bdbd020_0, 0;
    %pushi/vec4 0, 0, 17;
    %assign/vec4 v000001ef6bdc6790_0, 0;
    %pushi/vec4 0, 0, 17;
    %assign/vec4 v000001ef6bdbce40_0, 0;
T_2.22 ;
    %jmp T_2.7;
T_2.7 ;
    %pop/vec4 1;
T_2.1 ;
    %jmp T_2;
    .thread T_2;
    .scope S_000001ef6bdc6470;
T_3 ;
    %wait E_000001ef6bd9ee40;
    %load/vec4 v000001ef6be2e4f0_0;
    %flag_set/vec4 8;
    %jmp/0xz  T_3.0, 8;
    %pushi/vec4 0, 0, 1;
    %assign/vec4 v000001ef6be2e630_0, 0;
    %jmp T_3.1;
T_3.0 ;
    %load/vec4 v000001ef6bdbcee0_0;
    %cmpi/u 150, 0, 17;
    %flag_or 5, 4; GT is !LE
    %flag_inv 5;
    %jmp/0xz  T_3.2, 5;
    %pushi/vec4 1, 0, 1;
    %assign/vec4 v000001ef6be2e630_0, 0;
    %jmp T_3.3;
T_3.2 ;
    %pushi/vec4 0, 0, 1;
    %assign/vec4 v000001ef6be2e630_0, 0;
T_3.3 ;
T_3.1 ;
    %jmp T_3;
    .thread T_3;
    .scope S_000001ef6bdc6470;
T_4 ;
    %wait E_000001ef6bd9ee40;
    %load/vec4 v000001ef6be2e4f0_0;
    %flag_set/vec4 8;
    %jmp/0xz  T_4.0, 8;
    %pushi/vec4 0, 0, 16;
    %assign/vec4 v000001ef6be2e1d0_0, 0;
    %pushi/vec4 0, 0, 16;
    %assign/vec4 v000001ef6be2ebd0_0, 0;
    %pushi/vec4 0, 0, 16;
    %assign/vec4 v000001ef6bdc6830_0, 0;
    %jmp T_4.1;
T_4.0 ;
    %load/vec4 v000001ef6be2e090_0;
    %cmpi/e 4, 0, 3;
    %jmp/0xz  T_4.2, 4;
    %load/vec4 v000001ef6be2e310_0;
    %pad/u 16;
    %assign/vec4 v000001ef6be2e1d0_0, 0;
    %load/vec4 v000001ef6be2e130_0;
    %pad/u 16;
    %assign/vec4 v000001ef6be2ebd0_0, 0;
    %load/vec4 v000001ef6bdbcda0_0;
    %pad/u 16;
    %assign/vec4 v000001ef6bdc6830_0, 0;
T_4.2 ;
T_4.1 ;
    %jmp T_4;
    .thread T_4;
    .scope S_000001ef6bdc34a0;
T_5 ;
    %wait E_000001ef6bd9ee00;
    %load/vec4 v000001ef6bdc36d0_0;
    %cmpi/u 350, 0, 16;
    %flag_get/vec4 5;
    %jmp/0 T_5.3, 5;
    %load/vec4 v000001ef6bdc3630_0;
    %cmpi/u 350, 0, 16;
    %flag_get/vec4 5;
    %and;
T_5.3;
    %flag_set/vec4 9;
    %flag_get/vec4 9;
    %jmp/0 T_5.2, 9;
    %load/vec4 v000001ef6bd72bf0_0;
    %cmpi/u 350, 0, 16;
    %flag_get/vec4 5;
    %and;
T_5.2;
    %flag_set/vec4 8;
    %jmp/0xz  T_5.0, 8;
    %pushi/vec4 7, 0, 3;
    %store/vec4 v000001ef6bd9ca60_0, 0, 3;
    %jmp T_5.1;
T_5.0 ;
    %load/vec4 v000001ef6bdc36d0_0;
    %cmpi/u 700, 0, 16;
    %flag_or 5, 4; GT is !LE
    %flag_inv 5;
    %flag_get/vec4 5;
    %jmp/0 T_5.7, 5;
    %pushi/vec4 550, 0, 16;
    %load/vec4 v000001ef6bdc3630_0;
    %cmp/u;
    %flag_get/vec4 5;
    %and;
T_5.7;
    %flag_set/vec4 9;
    %flag_get/vec4 9;
    %jmp/0 T_5.6, 9;
    %pushi/vec4 550, 0, 16;
    %load/vec4 v000001ef6bd72bf0_0;
    %cmp/u;
    %flag_get/vec4 5;
    %and;
T_5.6;
    %flag_set/vec4 8;
    %jmp/0xz  T_5.4, 8;
    %pushi/vec4 0, 0, 3;
    %store/vec4 v000001ef6bd9ca60_0, 0, 3;
    %jmp T_5.5;
T_5.4 ;
    %load/vec4 v000001ef6bdc3630_0;
    %load/vec4 v000001ef6bdc36d0_0;
    %cmp/u;
    %flag_get/vec4 5;
    %jmp/0 T_5.10, 5;
    %load/vec4 v000001ef6bd72bf0_0;
    %load/vec4 v000001ef6bdc36d0_0;
    %cmp/u;
    %flag_get/vec4 5;
    %and;
T_5.10;
    %flag_set/vec4 8;
    %jmp/0xz  T_5.8, 8;
    %load/vec4 v000001ef6bd72bf0_0;
    %load/vec4 v000001ef6bdc3630_0;
    %cmp/u;
    %jmp/0xz  T_5.11, 5;
    %pushi/vec4 1, 0, 3;
    %store/vec4 v000001ef6bd9ca60_0, 0, 3;
    %jmp T_5.12;
T_5.11 ;
    %pushi/vec4 3, 0, 3;
    %store/vec4 v000001ef6bd9ca60_0, 0, 3;
T_5.12 ;
    %jmp T_5.9;
T_5.8 ;
    %load/vec4 v000001ef6bdc36d0_0;
    %load/vec4 v000001ef6bdc3630_0;
    %cmp/u;
    %flag_get/vec4 5;
    %jmp/0 T_5.15, 5;
    %load/vec4 v000001ef6bd72bf0_0;
    %load/vec4 v000001ef6bdc3630_0;
    %cmp/u;
    %flag_get/vec4 5;
    %and;
T_5.15;
    %flag_set/vec4 8;
    %jmp/0xz  T_5.13, 8;
    %load/vec4 v000001ef6bd72bf0_0;
    %load/vec4 v000001ef6bdc36d0_0;
    %cmp/u;
    %jmp/0xz  T_5.16, 5;
    %pushi/vec4 1, 0, 3;
    %store/vec4 v000001ef6bd9ca60_0, 0, 3;
    %jmp T_5.17;
T_5.16 ;
    %pushi/vec4 5, 0, 3;
    %store/vec4 v000001ef6bd9ca60_0, 0, 3;
T_5.17 ;
    %jmp T_5.14;
T_5.13 ;
    %load/vec4 v000001ef6bdc36d0_0;
    %load/vec4 v000001ef6bd72bf0_0;
    %cmp/u;
    %flag_get/vec4 5;
    %jmp/0 T_5.20, 5;
    %load/vec4 v000001ef6bdc3630_0;
    %load/vec4 v000001ef6bd72bf0_0;
    %cmp/u;
    %flag_get/vec4 5;
    %and;
T_5.20;
    %flag_set/vec4 8;
    %jmp/0xz  T_5.18, 8;
    %load/vec4 v000001ef6bdc3630_0;
    %load/vec4 v000001ef6bdc36d0_0;
    %cmp/u;
    %jmp/0xz  T_5.21, 5;
    %pushi/vec4 2, 0, 3;
    %store/vec4 v000001ef6bd9ca60_0, 0, 3;
    %jmp T_5.22;
T_5.21 ;
    %pushi/vec4 6, 0, 3;
    %store/vec4 v000001ef6bd9ca60_0, 0, 3;
T_5.22 ;
    %jmp T_5.19;
T_5.18 ;
    %pushi/vec4 4, 0, 3;
    %store/vec4 v000001ef6bd9ca60_0, 0, 3;
T_5.19 ;
T_5.14 ;
T_5.9 ;
T_5.5 ;
T_5.1 ;
    %jmp T_5;
    .thread T_5, $push;
    .scope S_000001ef6bda1a20;
T_6 ;
    %delay 10000, 0;
    %load/vec4 v000001ef6be2ed10_0;
    %inv;
    %store/vec4 v000001ef6be2ed10_0, 0, 1;
    %jmp T_6;
    .thread T_6;
    .scope S_000001ef6bda1a20;
T_7 ;
    %pushi/vec4 0, 0, 1;
    %store/vec4 v000001ef6be2ed10_0, 0, 1;
    %pushi/vec4 1, 0, 1;
    %store/vec4 v000001ef6be2ef90_0, 0, 1;
    %pushi/vec4 0, 0, 1;
    %store/vec4 v000001ef6be30400_0, 0, 1;
    %delay 20000, 0;
    %pushi/vec4 0, 0, 1;
    %store/vec4 v000001ef6be2ef90_0, 0, 1;
    %delay 20000, 0;
    %pushi/vec4 100, 0, 32;
T_7.0 %dup/vec4;
    %pushi/vec4 0, 0, 32;
    %cmp/s;
    %jmp/1xz T_7.1, 5;
    %jmp/1 T_7.1, 4;
    %pushi/vec4 1, 0, 32;
    %sub;
    %delay 50000, 0;
    %load/vec4 v000001ef6be30400_0;
    %inv;
    %store/vec4 v000001ef6be30400_0, 0, 1;
    %jmp T_7.0;
T_7.1 ;
    %pop/vec4 1;
    %pushi/vec4 100, 0, 32;
T_7.2 %dup/vec4;
    %pushi/vec4 0, 0, 32;
    %cmp/s;
    %jmp/1xz T_7.3, 5;
    %jmp/1 T_7.3, 4;
    %pushi/vec4 1, 0, 32;
    %sub;
    %delay 50000, 0;
    %load/vec4 v000001ef6be30400_0;
    %inv;
    %store/vec4 v000001ef6be30400_0, 0, 1;
    %jmp T_7.2;
T_7.3 ;
    %pop/vec4 1;
    %pushi/vec4 125, 0, 32;
T_7.4 %dup/vec4;
    %pushi/vec4 0, 0, 32;
    %cmp/s;
    %jmp/1xz T_7.5, 5;
    %jmp/1 T_7.5, 4;
    %pushi/vec4 1, 0, 32;
    %sub;
    %delay 40000, 0;
    %load/vec4 v000001ef6be30400_0;
    %inv;
    %store/vec4 v000001ef6be30400_0, 0, 1;
    %jmp T_7.4;
T_7.5 ;
    %pop/vec4 1;
    %pushi/vec4 200, 0, 32;
T_7.6 %dup/vec4;
    %pushi/vec4 0, 0, 32;
    %cmp/s;
    %jmp/1xz T_7.7, 5;
    %jmp/1 T_7.7, 4;
    %pushi/vec4 1, 0, 32;
    %sub;
    %delay 25000, 0;
    %load/vec4 v000001ef6be30400_0;
    %inv;
    %store/vec4 v000001ef6be30400_0, 0, 1;
    %jmp T_7.6;
T_7.7 ;
    %pop/vec4 1;
    %pushi/vec4 100, 0, 32;
T_7.8 %dup/vec4;
    %pushi/vec4 0, 0, 32;
    %cmp/s;
    %jmp/1xz T_7.9, 5;
    %jmp/1 T_7.9, 4;
    %pushi/vec4 1, 0, 32;
    %sub;
    %delay 50000, 0;
    %load/vec4 v000001ef6be30400_0;
    %inv;
    %store/vec4 v000001ef6be30400_0, 0, 1;
    %jmp T_7.8;
T_7.9 ;
    %pop/vec4 1;
    %pushi/vec4 1000, 0, 32;
T_7.10 %dup/vec4;
    %pushi/vec4 0, 0, 32;
    %cmp/s;
    %jmp/1xz T_7.11, 5;
    %jmp/1 T_7.11, 4;
    %pushi/vec4 1, 0, 32;
    %sub;
    %delay 50000, 0;
    %load/vec4 v000001ef6be30400_0;
    %inv;
    %store/vec4 v000001ef6be30400_0, 0, 1;
    %jmp T_7.10;
T_7.11 ;
    %pop/vec4 1;
    %pushi/vec4 100, 0, 32;
T_7.12 %dup/vec4;
    %pushi/vec4 0, 0, 32;
    %cmp/s;
    %jmp/1xz T_7.13, 5;
    %jmp/1 T_7.13, 4;
    %pushi/vec4 1, 0, 32;
    %sub;
    %delay 50000, 0;
    %load/vec4 v000001ef6be30400_0;
    %inv;
    %store/vec4 v000001ef6be30400_0, 0, 1;
    %jmp T_7.12;
T_7.13 ;
    %pop/vec4 1;
    %pushi/vec4 2000, 0, 32;
T_7.14 %dup/vec4;
    %pushi/vec4 0, 0, 32;
    %cmp/s;
    %jmp/1xz T_7.15, 5;
    %jmp/1 T_7.15, 4;
    %pushi/vec4 1, 0, 32;
    %sub;
    %delay 25000, 0;
    %load/vec4 v000001ef6be30400_0;
    %inv;
    %store/vec4 v000001ef6be30400_0, 0, 1;
    %jmp T_7.14;
T_7.15 ;
    %pop/vec4 1;
    %pushi/vec4 5000, 0, 32;
T_7.16 %dup/vec4;
    %pushi/vec4 0, 0, 32;
    %cmp/s;
    %jmp/1xz T_7.17, 5;
    %jmp/1 T_7.17, 4;
    %pushi/vec4 1, 0, 32;
    %sub;
    %delay 10000, 0;
    %load/vec4 v000001ef6be30400_0;
    %inv;
    %store/vec4 v000001ef6be30400_0, 0, 1;
    %jmp T_7.16;
T_7.17 ;
    %pop/vec4 1;
    %delay 10000, 0;
    %pushi/vec4 0, 0, 1;
    %store/vec4 v000001ef6be30400_0, 0, 1;
    %delay 7000000, 0;
    %vpi_call 2 80 "$finish" {0 0 0};
    %end;
    .thread T_7;
    .scope S_000001ef6bda1a20;
T_8 ;
    %vpi_call 2 85 "$monitor", "Time: %0dns, Color: %b, S2_S3: %b, LED_S0_S1: %b", $time, v000001ef6be2ee50_0, v000001ef6be30c20_0, v000001ef6be2eef0_0 {0 0 0};
    %end;
    .thread T_8;
    .scope S_000001ef6bda1a20;
T_9 ;
    %fork t_1, S_000001ef6bd9c8d0;
    %jmp t_0;
    .scope S_000001ef6bd9c8d0;
t_1 ;
    %vpi_call 2 89 "$dumpfile", "tb_top.vcd" {0 0 0};
    %vpi_call 2 90 "$dumpvars", 32'sb11111111111111111111111111111111, S_000001ef6bdc3310 {0 0 0};
    %delay 505032704, 1;
    %vpi_call 2 91 "$finish" {0 0 0};
    %end;
    .scope S_000001ef6bda1a20;
t_0 %join;
    %end;
    .thread T_9;
# The file index is used to find the file name in the following table.
:file_names 6;
    "N/A";
    "<interactive>";
    "tb_top_module.v";
    "./top_module.v";
    "./color_identifier.v";
    "./color_sensor3.v";
