#! /c/Source/iverilog-install/bin/vvp
:ivl_version "12.0 (devel)" "(s20150603-1539-g2693dd32b)";
:ivl_delay_selection "TYPICAL";
:vpi_time_precision + 0;
:vpi_module "D:\iverilog\lib\ivl\system.vpi";
:vpi_module "D:\iverilog\lib\ivl\vhdl_sys.vpi";
:vpi_module "D:\iverilog\lib\ivl\vhdl_textio.vpi";
:vpi_module "D:\iverilog\lib\ivl\v2005_math.vpi";
:vpi_module "D:\iverilog\lib\ivl\va_math.vpi";
S_0000026728912620 .scope module, "color_identifier" "color_identifier" 2 1;
 .timescale 0 0;
    .port_info 0 /INPUT 16 "red_norm";
    .port_info 1 /INPUT 16 "green_norm";
    .port_info 2 /INPUT 16 "blue_norm";
    .port_info 3 /OUTPUT 3 "color";
o0000026728949fa8 .functor BUFZ 16, C4<zzzzzzzzzzzzzzzz>; HiZ drive
v00000267289127b0_0 .net "blue_norm", 15 0, o0000026728949fa8;  0 drivers
v0000026728912850_0 .var "color", 2 0;
o000002672894a008 .functor BUFZ 16, C4<zzzzzzzzzzzzzzzz>; HiZ drive
v00000267289128f0_0 .net "green_norm", 15 0, o000002672894a008;  0 drivers
o000002672894a038 .functor BUFZ 16, C4<zzzzzzzzzzzzzzzz>; HiZ drive
v00000267288fcb00_0 .net "red_norm", 15 0, o000002672894a038;  0 drivers
E_00000267288fa6d0 .event anyedge, v00000267288fcb00_0, v00000267289128f0_0, v00000267289127b0_0;
    .scope S_0000026728912620;
T_0 ;
    %wait E_00000267288fa6d0;
    %load/vec4 v00000267288fcb00_0;
    %cmpi/u 50, 0, 16;
    %flag_get/vec4 5;
    %jmp/0 T_0.3, 5;
    %load/vec4 v00000267289128f0_0;
    %cmpi/u 50, 0, 16;
    %flag_get/vec4 5;
    %and;
T_0.3;
    %flag_set/vec4 9;
    %flag_get/vec4 9;
    %jmp/0 T_0.2, 9;
    %load/vec4 v00000267289127b0_0;
    %cmpi/u 50, 0, 16;
    %flag_get/vec4 5;
    %and;
T_0.2;
    %flag_set/vec4 8;
    %jmp/0xz  T_0.0, 8;
    %pushi/vec4 0, 0, 3;
    %store/vec4 v0000026728912850_0, 0, 3;
    %jmp T_0.1;
T_0.0 ;
    %load/vec4 v00000267288fcb00_0;
    %cmpi/u 900, 0, 16;
    %flag_or 5, 4; GT is !LE
    %flag_inv 5;
    %flag_get/vec4 5;
    %jmp/0 T_0.7, 5;
    %pushi/vec4 900, 0, 16;
    %load/vec4 v00000267289128f0_0;
    %cmp/u;
    %flag_get/vec4 5;
    %and;
T_0.7;
    %flag_set/vec4 9;
    %flag_get/vec4 9;
    %jmp/0 T_0.6, 9;
    %pushi/vec4 900, 0, 16;
    %load/vec4 v00000267289127b0_0;
    %cmp/u;
    %flag_get/vec4 5;
    %and;
T_0.6;
    %flag_set/vec4 8;
    %jmp/0xz  T_0.4, 8;
    %pushi/vec4 7, 0, 3;
    %store/vec4 v0000026728912850_0, 0, 3;
    %jmp T_0.5;
T_0.4 ;
    %load/vec4 v00000267289128f0_0;
    %load/vec4 v00000267288fcb00_0;
    %cmp/u;
    %flag_get/vec4 5;
    %jmp/0 T_0.10, 5;
    %load/vec4 v00000267289127b0_0;
    %load/vec4 v00000267288fcb00_0;
    %cmp/u;
    %flag_get/vec4 5;
    %and;
T_0.10;
    %flag_set/vec4 8;
    %jmp/0xz  T_0.8, 8;
    %load/vec4 v00000267289127b0_0;
    %load/vec4 v00000267289128f0_0;
    %cmp/u;
    %jmp/0xz  T_0.11, 5;
    %pushi/vec4 6, 0, 3;
    %store/vec4 v0000026728912850_0, 0, 3;
    %jmp T_0.12;
T_0.11 ;
    %pushi/vec4 4, 0, 3;
    %store/vec4 v0000026728912850_0, 0, 3;
T_0.12 ;
    %jmp T_0.9;
T_0.8 ;
    %load/vec4 v00000267288fcb00_0;
    %load/vec4 v00000267289128f0_0;
    %cmp/u;
    %flag_get/vec4 5;
    %jmp/0 T_0.15, 5;
    %load/vec4 v00000267289127b0_0;
    %load/vec4 v00000267289128f0_0;
    %cmp/u;
    %flag_get/vec4 5;
    %and;
T_0.15;
    %flag_set/vec4 8;
    %jmp/0xz  T_0.13, 8;
    %load/vec4 v00000267289127b0_0;
    %load/vec4 v00000267288fcb00_0;
    %cmp/u;
    %jmp/0xz  T_0.16, 5;
    %pushi/vec4 6, 0, 3;
    %store/vec4 v0000026728912850_0, 0, 3;
    %jmp T_0.17;
T_0.16 ;
    %pushi/vec4 2, 0, 3;
    %store/vec4 v0000026728912850_0, 0, 3;
T_0.17 ;
    %jmp T_0.14;
T_0.13 ;
    %load/vec4 v00000267288fcb00_0;
    %load/vec4 v00000267289127b0_0;
    %cmp/u;
    %flag_get/vec4 5;
    %jmp/0 T_0.20, 5;
    %load/vec4 v00000267289128f0_0;
    %load/vec4 v00000267289127b0_0;
    %cmp/u;
    %flag_get/vec4 5;
    %and;
T_0.20;
    %flag_set/vec4 8;
    %jmp/0xz  T_0.18, 8;
    %load/vec4 v00000267289128f0_0;
    %load/vec4 v00000267288fcb00_0;
    %cmp/u;
    %jmp/0xz  T_0.21, 5;
    %pushi/vec4 5, 0, 3;
    %store/vec4 v0000026728912850_0, 0, 3;
    %jmp T_0.22;
T_0.21 ;
    %pushi/vec4 1, 0, 3;
    %store/vec4 v0000026728912850_0, 0, 3;
T_0.22 ;
    %jmp T_0.19;
T_0.18 ;
    %pushi/vec4 3, 0, 3;
    %store/vec4 v0000026728912850_0, 0, 3;
T_0.19 ;
T_0.14 ;
T_0.9 ;
T_0.5 ;
T_0.1 ;
    %jmp T_0;
    .thread T_0, $push;
# The file index is used to find the file name in the following table.
:file_names 3;
    "N/A";
    "<interactive>";
    "color_identifier.v";
