#! /c/Source/iverilog-install/bin/vvp
:ivl_version "12.0 (devel)" "(s20150603-1539-g2693dd32b)";
:ivl_delay_selection "TYPICAL";
:vpi_time_precision + 0;
:vpi_module "D:\iverilog\lib\ivl\system.vpi";
:vpi_module "D:\iverilog\lib\ivl\vhdl_sys.vpi";
:vpi_module "D:\iverilog\lib\ivl\vhdl_textio.vpi";
:vpi_module "D:\iverilog\lib\ivl\v2005_math.vpi";
:vpi_module "D:\iverilog\lib\ivl\va_math.vpi";
S_0000021815ebcbf0 .scope module, "color_sensor2" "color_sensor2" 2 1;
 .timescale 0 0;
    .port_info 0 /INPUT 1 "clk";
    .port_info 1 /INPUT 1 "rst";
    .port_info 2 /INPUT 1 "sensor_out";
    .port_info 3 /OUTPUT 16 "red_norm";
    .port_info 4 /OUTPUT 16 "green_norm";
    .port_info 5 /OUTPUT 16 "blue_norm";
    .port_info 6 /OUTPUT 2 "s2_s3";
P_0000021815eba140 .param/l "S_BLUE" 1 2 19, C4<10>;
P_0000021815eba178 .param/l "S_CLEAR" 1 2 20, C4<11>;
P_0000021815eba1b0 .param/l "S_GREEN" 1 2 18, C4<01>;
P_0000021815eba1e8 .param/l "S_RED" 1 2 17, C4<00>;
v0000021815ed2b70_0 .var "blue_count", 15 0;
v0000021815ed2910_0 .var "blue_norm", 15 0;
v0000021815f030e0_0 .var "clear_count", 15 0;
o0000021815f13f88 .functor BUFZ 1, C4<z>; HiZ drive
v0000021815f03180_0 .net "clk", 0 0, o0000021815f13f88;  0 drivers
v0000021815f03220_0 .var "green_count", 15 0;
v0000021815f032c0_0 .var "green_norm", 15 0;
v0000021815f03360_0 .var "red_count", 15 0;
v0000021815f03400_0 .var "red_norm", 15 0;
o0000021815f14078 .functor BUFZ 1, C4<z>; HiZ drive
v0000021815f034a0_0 .net "rst", 0 0, o0000021815f14078;  0 drivers
v0000021815f03540_0 .var "s2_s3", 1 0;
o0000021815f140d8 .functor BUFZ 1, C4<z>; HiZ drive
v0000021815f035e0_0 .net "sensor_out", 0 0, o0000021815f140d8;  0 drivers
v0000021815f03680_0 .var "state", 1 0;
E_0000021815f05430 .event posedge, v0000021815f034a0_0, v0000021815f03180_0;
    .scope S_0000021815ebcbf0;
T_0 ;
    %wait E_0000021815f05430;
    %load/vec4 v0000021815f034a0_0;
    %flag_set/vec4 8;
    %jmp/0xz  T_0.0, 8;
    %pushi/vec4 0, 0, 2;
    %assign/vec4 v0000021815f03680_0, 0;
    %pushi/vec4 0, 0, 2;
    %assign/vec4 v0000021815f03540_0, 0;
    %jmp T_0.1;
T_0.0 ;
    %load/vec4 v0000021815f03680_0;
    %dup/vec4;
    %pushi/vec4 0, 0, 2;
    %cmp/u;
    %jmp/1 T_0.2, 6;
    %dup/vec4;
    %pushi/vec4 1, 0, 2;
    %cmp/u;
    %jmp/1 T_0.3, 6;
    %dup/vec4;
    %pushi/vec4 2, 0, 2;
    %cmp/u;
    %jmp/1 T_0.4, 6;
    %dup/vec4;
    %pushi/vec4 3, 0, 2;
    %cmp/u;
    %jmp/1 T_0.5, 6;
    %jmp T_0.6;
T_0.2 ;
    %pushi/vec4 0, 0, 2;
    %assign/vec4 v0000021815f03540_0, 0;
    %pushi/vec4 1, 0, 2;
    %assign/vec4 v0000021815f03680_0, 0;
    %jmp T_0.6;
T_0.3 ;
    %pushi/vec4 1, 0, 2;
    %assign/vec4 v0000021815f03540_0, 0;
    %pushi/vec4 2, 0, 2;
    %assign/vec4 v0000021815f03680_0, 0;
    %jmp T_0.6;
T_0.4 ;
    %pushi/vec4 2, 0, 2;
    %assign/vec4 v0000021815f03540_0, 0;
    %pushi/vec4 3, 0, 2;
    %assign/vec4 v0000021815f03680_0, 0;
    %jmp T_0.6;
T_0.5 ;
    %pushi/vec4 3, 0, 2;
    %assign/vec4 v0000021815f03540_0, 0;
    %pushi/vec4 0, 0, 2;
    %assign/vec4 v0000021815f03680_0, 0;
    %jmp T_0.6;
T_0.6 ;
    %pop/vec4 1;
T_0.1 ;
    %jmp T_0;
    .thread T_0;
    .scope S_0000021815ebcbf0;
T_1 ;
    %wait E_0000021815f05430;
    %load/vec4 v0000021815f034a0_0;
    %flag_set/vec4 8;
    %jmp/0xz  T_1.0, 8;
    %pushi/vec4 0, 0, 16;
    %assign/vec4 v0000021815f03360_0, 0;
    %pushi/vec4 0, 0, 16;
    %assign/vec4 v0000021815f03220_0, 0;
    %pushi/vec4 0, 0, 16;
    %assign/vec4 v0000021815ed2b70_0, 0;
    %pushi/vec4 0, 0, 16;
    %assign/vec4 v0000021815f030e0_0, 0;
    %jmp T_1.1;
T_1.0 ;
    %load/vec4 v0000021815f03680_0;
    %dup/vec4;
    %pushi/vec4 0, 0, 2;
    %cmp/u;
    %jmp/1 T_1.2, 6;
    %dup/vec4;
    %pushi/vec4 1, 0, 2;
    %cmp/u;
    %jmp/1 T_1.3, 6;
    %dup/vec4;
    %pushi/vec4 2, 0, 2;
    %cmp/u;
    %jmp/1 T_1.4, 6;
    %dup/vec4;
    %pushi/vec4 3, 0, 2;
    %cmp/u;
    %jmp/1 T_1.5, 6;
    %jmp T_1.6;
T_1.2 ;
    %load/vec4 v0000021815f035e0_0;
    %flag_set/vec4 8;
    %jmp/0 T_1.7, 8;
    %load/vec4 v0000021815f03360_0;
    %addi 1, 0, 16;
    %jmp/1 T_1.8, 8;
T_1.7 ; End of true expr.
    %load/vec4 v0000021815f03360_0;
    %jmp/0 T_1.8, 8;
 ; End of false expr.
    %blend;
T_1.8;
    %assign/vec4 v0000021815f03360_0, 0;
    %jmp T_1.6;
T_1.3 ;
    %load/vec4 v0000021815f035e0_0;
    %flag_set/vec4 8;
    %jmp/0 T_1.9, 8;
    %load/vec4 v0000021815f03220_0;
    %addi 1, 0, 16;
    %jmp/1 T_1.10, 8;
T_1.9 ; End of true expr.
    %load/vec4 v0000021815f03220_0;
    %jmp/0 T_1.10, 8;
 ; End of false expr.
    %blend;
T_1.10;
    %assign/vec4 v0000021815f03220_0, 0;
    %jmp T_1.6;
T_1.4 ;
    %load/vec4 v0000021815f035e0_0;
    %flag_set/vec4 8;
    %jmp/0 T_1.11, 8;
    %load/vec4 v0000021815ed2b70_0;
    %addi 1, 0, 16;
    %jmp/1 T_1.12, 8;
T_1.11 ; End of true expr.
    %load/vec4 v0000021815ed2b70_0;
    %jmp/0 T_1.12, 8;
 ; End of false expr.
    %blend;
T_1.12;
    %assign/vec4 v0000021815ed2b70_0, 0;
    %jmp T_1.6;
T_1.5 ;
    %load/vec4 v0000021815f035e0_0;
    %flag_set/vec4 8;
    %jmp/0 T_1.13, 8;
    %load/vec4 v0000021815f030e0_0;
    %addi 1, 0, 16;
    %jmp/1 T_1.14, 8;
T_1.13 ; End of true expr.
    %load/vec4 v0000021815f030e0_0;
    %jmp/0 T_1.14, 8;
 ; End of false expr.
    %blend;
T_1.14;
    %assign/vec4 v0000021815f030e0_0, 0;
    %jmp T_1.6;
T_1.6 ;
    %pop/vec4 1;
T_1.1 ;
    %jmp T_1;
    .thread T_1;
    .scope S_0000021815ebcbf0;
T_2 ;
    %wait E_0000021815f05430;
    %load/vec4 v0000021815f034a0_0;
    %flag_set/vec4 8;
    %jmp/0xz  T_2.0, 8;
    %pushi/vec4 0, 0, 16;
    %assign/vec4 v0000021815f03400_0, 0;
    %pushi/vec4 0, 0, 16;
    %assign/vec4 v0000021815f032c0_0, 0;
    %pushi/vec4 0, 0, 16;
    %assign/vec4 v0000021815ed2910_0, 0;
    %jmp T_2.1;
T_2.0 ;
    %load/vec4 v0000021815f030e0_0;
    %pad/u 32;
    %cmpi/u 0, 0, 32;
    %flag_or 5, 4; GT is !LE
    %flag_inv 5;
    %jmp/0xz  T_2.2, 5;
    %load/vec4 v0000021815f03360_0;
    %pad/u 32;
    %muli 1000, 0, 32;
    %load/vec4 v0000021815f030e0_0;
    %pad/u 32;
    %div;
    %pad/u 16;
    %assign/vec4 v0000021815f03400_0, 0;
    %load/vec4 v0000021815f03220_0;
    %pad/u 32;
    %muli 1000, 0, 32;
    %load/vec4 v0000021815f030e0_0;
    %pad/u 32;
    %div;
    %pad/u 16;
    %assign/vec4 v0000021815f032c0_0, 0;
    %load/vec4 v0000021815ed2b70_0;
    %pad/u 32;
    %muli 1000, 0, 32;
    %load/vec4 v0000021815f030e0_0;
    %pad/u 32;
    %div;
    %pad/u 16;
    %assign/vec4 v0000021815ed2910_0, 0;
    %jmp T_2.3;
T_2.2 ;
    %pushi/vec4 0, 0, 16;
    %assign/vec4 v0000021815f03400_0, 0;
    %pushi/vec4 0, 0, 16;
    %assign/vec4 v0000021815f032c0_0, 0;
    %pushi/vec4 0, 0, 16;
    %assign/vec4 v0000021815ed2910_0, 0;
T_2.3 ;
T_2.1 ;
    %jmp T_2;
    .thread T_2;
# The file index is used to find the file name in the following table.
:file_names 3;
    "N/A";
    "<interactive>";
    "color_sensor2.v";
