#! /c/Source/iverilog-install/bin/vvp
:ivl_version "12.0 (devel)" "(s20150603-1539-g2693dd32b)";
:ivl_delay_selection "TYPICAL";
:vpi_time_precision - 12;
:vpi_module "D:\iverilog\lib\ivl\system.vpi";
:vpi_module "D:\iverilog\lib\ivl\vhdl_sys.vpi";
:vpi_module "D:\iverilog\lib\ivl\vhdl_textio.vpi";
:vpi_module "D:\iverilog\lib\ivl\v2005_math.vpi";
:vpi_module "D:\iverilog\lib\ivl\va_math.vpi";
S_0000012807f4c390 .scope module, "tb_color_sensor" "tb_color_sensor" 2 4;
 .timescale -9 -12;
v0000012807e91180_0 .net "blue_norm", 15 0, v0000012807e33960_0;  1 drivers
v0000012807e91220_0 .var "clk", 0 0;
v0000012807e21a60_0 .net "green_norm", 15 0, v0000012807df2690_0;  1 drivers
v0000012807e21ba0_0 .net "red_norm", 15 0, v0000012807df27d0_0;  1 drivers
v0000012807e21b00_0 .var "rst", 0 0;
v0000012807e21ec0_0 .net "s2_s3", 1 0, v0000012807df2910_0;  1 drivers
v0000012807e21c40_0 .var "sensor_out", 0 0;
S_0000012807e33640 .scope begin, "TEST_CASE" "TEST_CASE" 2 138, 2 138 0, S_0000012807f4c390;
 .timescale -9 -12;
S_0000012807e337d0 .scope module, "uut" "color_sensor2" 2 13, 3 95 0, S_0000012807f4c390;
 .timescale 0 0;
    .port_info 0 /INPUT 1 "clk";
    .port_info 1 /INPUT 1 "rst";
    .port_info 2 /INPUT 1 "sensor_out";
    .port_info 3 /OUTPUT 16 "red_norm";
    .port_info 4 /OUTPUT 16 "green_norm";
    .port_info 5 /OUTPUT 16 "blue_norm";
    .port_info 6 /OUTPUT 2 "s2_s3";
P_0000012807f4a4b0 .param/l "S_BLUE" 1 3 114, C4<10>;
P_0000012807f4a4e8 .param/l "S_CLEAR" 1 3 115, C4<11>;
P_0000012807f4a520 .param/l "S_GREEN" 1 3 113, C4<01>;
P_0000012807f4a558 .param/l "S_RED" 1 3 112, C4<00>;
P_0000012807f4a590 .param/l "TIME_LIMIT" 1 3 116, C4<00000010111110101111000010000000>;
v0000012807df2bb0_0 .var "blue_count", 15 0;
v0000012807e33960_0 .var "blue_norm", 15 0;
v0000012807e33a00_0 .var "clear_count", 15 0;
v0000012807df2550_0 .net "clk", 0 0, v0000012807e91220_0;  1 drivers
v0000012807df25f0_0 .var "green_count", 15 0;
v0000012807df2690_0 .var "green_norm", 15 0;
v0000012807df2730_0 .var "red_count", 15 0;
v0000012807df27d0_0 .var "red_norm", 15 0;
v0000012807df2870_0 .net "rst", 0 0, v0000012807e21b00_0;  1 drivers
v0000012807df2910_0 .var "s2_s3", 1 0;
v0000012807e90fa0_0 .net "sensor_out", 0 0, v0000012807e21c40_0;  1 drivers
v0000012807e91040_0 .var "state", 1 0;
v0000012807e910e0_0 .var "time_counter", 31 0;
E_0000012807e18450 .event posedge, v0000012807df2870_0, v0000012807df2550_0;
    .scope S_0000012807e337d0;
T_0 ;
    %wait E_0000012807e18450;
    %load/vec4 v0000012807df2870_0;
    %flag_set/vec4 8;
    %jmp/0xz  T_0.0, 8;
    %pushi/vec4 0, 0, 2;
    %assign/vec4 v0000012807e91040_0, 0;
    %pushi/vec4 0, 0, 2;
    %assign/vec4 v0000012807df2910_0, 0;
    %pushi/vec4 0, 0, 32;
    %assign/vec4 v0000012807e910e0_0, 0;
    %jmp T_0.1;
T_0.0 ;
    %load/vec4 v0000012807e910e0_0;
    %cmpi/u 50000000, 0, 32;
    %flag_inv 5; GE is !LT
    %jmp/0xz  T_0.2, 5;
    %pushi/vec4 0, 0, 32;
    %assign/vec4 v0000012807e910e0_0, 0;
    %load/vec4 v0000012807e91040_0;
    %dup/vec4;
    %pushi/vec4 0, 0, 2;
    %cmp/u;
    %jmp/1 T_0.4, 6;
    %dup/vec4;
    %pushi/vec4 1, 0, 2;
    %cmp/u;
    %jmp/1 T_0.5, 6;
    %dup/vec4;
    %pushi/vec4 2, 0, 2;
    %cmp/u;
    %jmp/1 T_0.6, 6;
    %dup/vec4;
    %pushi/vec4 3, 0, 2;
    %cmp/u;
    %jmp/1 T_0.7, 6;
    %jmp T_0.8;
T_0.4 ;
    %pushi/vec4 1, 0, 2;
    %assign/vec4 v0000012807df2910_0, 0;
    %pushi/vec4 1, 0, 2;
    %assign/vec4 v0000012807e91040_0, 0;
    %jmp T_0.8;
T_0.5 ;
    %pushi/vec4 2, 0, 2;
    %assign/vec4 v0000012807df2910_0, 0;
    %pushi/vec4 2, 0, 2;
    %assign/vec4 v0000012807e91040_0, 0;
    %jmp T_0.8;
T_0.6 ;
    %pushi/vec4 3, 0, 2;
    %assign/vec4 v0000012807df2910_0, 0;
    %pushi/vec4 3, 0, 2;
    %assign/vec4 v0000012807e91040_0, 0;
    %jmp T_0.8;
T_0.7 ;
    %pushi/vec4 0, 0, 2;
    %assign/vec4 v0000012807df2910_0, 0;
    %pushi/vec4 0, 0, 2;
    %assign/vec4 v0000012807e91040_0, 0;
    %jmp T_0.8;
T_0.8 ;
    %pop/vec4 1;
    %jmp T_0.3;
T_0.2 ;
    %load/vec4 v0000012807e910e0_0;
    %addi 1, 0, 32;
    %assign/vec4 v0000012807e910e0_0, 0;
T_0.3 ;
T_0.1 ;
    %jmp T_0;
    .thread T_0;
    .scope S_0000012807e337d0;
T_1 ;
    %wait E_0000012807e18450;
    %load/vec4 v0000012807df2870_0;
    %flag_set/vec4 8;
    %jmp/0xz  T_1.0, 8;
    %pushi/vec4 0, 0, 16;
    %assign/vec4 v0000012807df2730_0, 0;
    %pushi/vec4 0, 0, 16;
    %assign/vec4 v0000012807df25f0_0, 0;
    %pushi/vec4 0, 0, 16;
    %assign/vec4 v0000012807df2bb0_0, 0;
    %pushi/vec4 0, 0, 16;
    %assign/vec4 v0000012807e33a00_0, 0;
    %jmp T_1.1;
T_1.0 ;
    %load/vec4 v0000012807e91040_0;
    %dup/vec4;
    %pushi/vec4 0, 0, 2;
    %cmp/u;
    %jmp/1 T_1.2, 6;
    %dup/vec4;
    %pushi/vec4 1, 0, 2;
    %cmp/u;
    %jmp/1 T_1.3, 6;
    %dup/vec4;
    %pushi/vec4 2, 0, 2;
    %cmp/u;
    %jmp/1 T_1.4, 6;
    %dup/vec4;
    %pushi/vec4 3, 0, 2;
    %cmp/u;
    %jmp/1 T_1.5, 6;
    %jmp T_1.6;
T_1.2 ;
    %load/vec4 v0000012807e90fa0_0;
    %flag_set/vec4 8;
    %jmp/0 T_1.7, 8;
    %load/vec4 v0000012807df2730_0;
    %addi 1, 0, 16;
    %jmp/1 T_1.8, 8;
T_1.7 ; End of true expr.
    %load/vec4 v0000012807df2730_0;
    %jmp/0 T_1.8, 8;
 ; End of false expr.
    %blend;
T_1.8;
    %assign/vec4 v0000012807df2730_0, 0;
    %jmp T_1.6;
T_1.3 ;
    %load/vec4 v0000012807e90fa0_0;
    %flag_set/vec4 8;
    %jmp/0 T_1.9, 8;
    %load/vec4 v0000012807df25f0_0;
    %addi 1, 0, 16;
    %jmp/1 T_1.10, 8;
T_1.9 ; End of true expr.
    %load/vec4 v0000012807df25f0_0;
    %jmp/0 T_1.10, 8;
 ; End of false expr.
    %blend;
T_1.10;
    %assign/vec4 v0000012807df25f0_0, 0;
    %jmp T_1.6;
T_1.4 ;
    %load/vec4 v0000012807e90fa0_0;
    %flag_set/vec4 8;
    %jmp/0 T_1.11, 8;
    %load/vec4 v0000012807df2bb0_0;
    %addi 1, 0, 16;
    %jmp/1 T_1.12, 8;
T_1.11 ; End of true expr.
    %load/vec4 v0000012807df2bb0_0;
    %jmp/0 T_1.12, 8;
 ; End of false expr.
    %blend;
T_1.12;
    %assign/vec4 v0000012807df2bb0_0, 0;
    %jmp T_1.6;
T_1.5 ;
    %load/vec4 v0000012807e90fa0_0;
    %flag_set/vec4 8;
    %jmp/0 T_1.13, 8;
    %load/vec4 v0000012807e33a00_0;
    %addi 1, 0, 16;
    %jmp/1 T_1.14, 8;
T_1.13 ; End of true expr.
    %load/vec4 v0000012807e33a00_0;
    %jmp/0 T_1.14, 8;
 ; End of false expr.
    %blend;
T_1.14;
    %assign/vec4 v0000012807e33a00_0, 0;
    %jmp T_1.6;
T_1.6 ;
    %pop/vec4 1;
T_1.1 ;
    %jmp T_1;
    .thread T_1;
    .scope S_0000012807e337d0;
T_2 ;
    %wait E_0000012807e18450;
    %load/vec4 v0000012807df2870_0;
    %flag_set/vec4 8;
    %jmp/0xz  T_2.0, 8;
    %pushi/vec4 0, 0, 16;
    %assign/vec4 v0000012807df27d0_0, 0;
    %pushi/vec4 0, 0, 16;
    %assign/vec4 v0000012807df2690_0, 0;
    %pushi/vec4 0, 0, 16;
    %assign/vec4 v0000012807e33960_0, 0;
    %jmp T_2.1;
T_2.0 ;
    %load/vec4 v0000012807e33a00_0;
    %pad/u 32;
    %cmpi/u 0, 0, 32;
    %flag_or 5, 4; GT is !LE
    %flag_inv 5;
    %jmp/0xz  T_2.2, 5;
    %load/vec4 v0000012807df2730_0;
    %pad/u 32;
    %muli 1000, 0, 32;
    %load/vec4 v0000012807e33a00_0;
    %pad/u 32;
    %div;
    %pad/u 16;
    %assign/vec4 v0000012807df27d0_0, 0;
    %load/vec4 v0000012807df25f0_0;
    %pad/u 32;
    %muli 1000, 0, 32;
    %load/vec4 v0000012807e33a00_0;
    %pad/u 32;
    %div;
    %pad/u 16;
    %assign/vec4 v0000012807df2690_0, 0;
    %load/vec4 v0000012807df2bb0_0;
    %pad/u 32;
    %muli 1000, 0, 32;
    %load/vec4 v0000012807e33a00_0;
    %pad/u 32;
    %div;
    %pad/u 16;
    %assign/vec4 v0000012807e33960_0, 0;
    %jmp T_2.3;
T_2.2 ;
    %pushi/vec4 0, 0, 16;
    %assign/vec4 v0000012807df27d0_0, 0;
    %pushi/vec4 0, 0, 16;
    %assign/vec4 v0000012807df2690_0, 0;
    %pushi/vec4 0, 0, 16;
    %assign/vec4 v0000012807e33960_0, 0;
T_2.3 ;
T_2.1 ;
    %jmp T_2;
    .thread T_2;
    .scope S_0000012807f4c390;
T_3 ;
    %delay 10000, 0;
    %load/vec4 v0000012807e91220_0;
    %inv;
    %store/vec4 v0000012807e91220_0, 0, 1;
    %jmp T_3;
    .thread T_3;
    .scope S_0000012807f4c390;
T_4 ;
    %pushi/vec4 0, 0, 1;
    %store/vec4 v0000012807e91220_0, 0, 1;
    %pushi/vec4 1, 0, 1;
    %store/vec4 v0000012807e21b00_0, 0, 1;
    %pushi/vec4 0, 0, 1;
    %store/vec4 v0000012807e21c40_0, 0, 1;
    %delay 20000, 0;
    %pushi/vec4 0, 0, 1;
    %store/vec4 v0000012807e21b00_0, 0, 1;
    %delay 20000, 0;
    %pushi/vec4 500, 0, 32;
T_4.0 %dup/vec4;
    %pushi/vec4 0, 0, 32;
    %cmp/s;
    %jmp/1xz T_4.1, 5;
    %jmp/1 T_4.1, 4;
    %pushi/vec4 1, 0, 32;
    %sub;
    %delay 20000, 0;
    %load/vec4 v0000012807e21c40_0;
    %inv;
    %store/vec4 v0000012807e21c40_0, 0, 1;
    %jmp T_4.0;
T_4.1 ;
    %pop/vec4 1;
    %pushi/vec4 500, 0, 32;
T_4.2 %dup/vec4;
    %pushi/vec4 0, 0, 32;
    %cmp/s;
    %jmp/1xz T_4.3, 5;
    %jmp/1 T_4.3, 4;
    %pushi/vec4 1, 0, 32;
    %sub;
    %delay 20000, 0;
    %load/vec4 v0000012807e21c40_0;
    %inv;
    %store/vec4 v0000012807e21c40_0, 0, 1;
    %jmp T_4.2;
T_4.3 ;
    %pop/vec4 1;
    %pushi/vec4 500, 0, 32;
T_4.4 %dup/vec4;
    %pushi/vec4 0, 0, 32;
    %cmp/s;
    %jmp/1xz T_4.5, 5;
    %jmp/1 T_4.5, 4;
    %pushi/vec4 1, 0, 32;
    %sub;
    %delay 20000, 0;
    %load/vec4 v0000012807e21c40_0;
    %inv;
    %store/vec4 v0000012807e21c40_0, 0, 1;
    %jmp T_4.4;
T_4.5 ;
    %pop/vec4 1;
    %pushi/vec4 500, 0, 32;
T_4.6 %dup/vec4;
    %pushi/vec4 0, 0, 32;
    %cmp/s;
    %jmp/1xz T_4.7, 5;
    %jmp/1 T_4.7, 4;
    %pushi/vec4 1, 0, 32;
    %sub;
    %delay 20000, 0;
    %load/vec4 v0000012807e21c40_0;
    %inv;
    %store/vec4 v0000012807e21c40_0, 0, 1;
    %jmp T_4.6;
T_4.7 ;
    %pop/vec4 1;
    %delay 5000000, 0;
    %vpi_call 2 61 "$finish" {0 0 0};
    %end;
    .thread T_4;
    .scope S_0000012807f4c390;
T_5 ;
    %vpi_call 2 66 "$monitor", "Time: %0dns, Red Norm: %d, Green Norm: %d, Blue Norm: %d, S2_S3: %b", $time, v0000012807e21ba0_0, v0000012807e21a60_0, v0000012807e91180_0, v0000012807e21ec0_0 {0 0 0};
    %end;
    .thread T_5;
    .scope S_0000012807f4c390;
T_6 ;
    %fork t_1, S_0000012807e33640;
    %jmp t_0;
    .scope S_0000012807e33640;
t_1 ;
    %vpi_call 2 140 "$dumpfile", "color.vcd" {0 0 0};
    %vpi_call 2 141 "$dumpvars", 32'sb11111111111111111111111111111111, S_0000012807e337d0 {0 0 0};
    %delay 2800000, 0;
    %vpi_call 2 142 "$finish" {0 0 0};
    %end;
    .scope S_0000012807f4c390;
t_0 %join;
    %end;
    .thread T_6;
# The file index is used to find the file name in the following table.
:file_names 4;
    "N/A";
    "<interactive>";
    "tb_color_sensor.v";
    "./color_sensor2.v";
