Analysis & Synthesis report for top_module
Wed Sep 11 23:24:30 2024
Quartus Prime Version 23.1std.0 Build 991 11/28/2023 SC Lite Edition


---------------------
; Table of Contents ;
---------------------
  1. Legal Notice
  2. Analysis & Synthesis Summary
  3. Analysis & Synthesis Settings
  4. Parallel Compilation
  5. Analysis & Synthesis Source Files Read
  6. Analysis & Synthesis Resource Usage Summary
  7. Analysis & Synthesis Resource Utilization by Entity
  8. Analysis & Synthesis DSP Block Usage Summary
  9. State Machine - |top_module|color_sensor3:sensor_inst|state
 10. Registers Removed During Synthesis
 11. Removed Registers Triggering Further Register Optimizations
 12. General Register Statistics
 13. Multiplexer Restructuring Statistics (Restructuring Performed)
 14. Parameter Settings for Inferred Entity Instance: color_sensor3:sensor_inst|lpm_mult:Mult0
 15. Parameter Settings for Inferred Entity Instance: color_sensor3:sensor_inst|lpm_divide:Div0
 16. Parameter Settings for Inferred Entity Instance: color_sensor3:sensor_inst|lpm_mult:Mult1
 17. Parameter Settings for Inferred Entity Instance: color_sensor3:sensor_inst|lpm_divide:Div1
 18. Parameter Settings for Inferred Entity Instance: color_sensor3:sensor_inst|lpm_divide:Div2
 19. lpm_mult Parameter Settings by Entity Instance
 20. Port Connectivity Checks: "color_sensor3:sensor_inst"
 21. Post-Synthesis Netlist Statistics for Top Partition
 22. Elapsed Time Per Partition
 23. Analysis & Synthesis Messages



----------------
; Legal Notice ;
----------------
Copyright (C) 2023  Intel Corporation. All rights reserved.
Your use of Intel Corporation's design tools, logic functions 
and other software and tools, and any partner logic 
functions, and any output files from any of the foregoing 
(including device programming or simulation files), and any 
associated documentation or information are expressly subject 
to the terms and conditions of the Intel Program License 
Subscription Agreement, the Intel Quartus Prime License Agreement,
the Intel FPGA IP License Agreement, or other applicable license
agreement, including, without limitation, that your use is for
the sole purpose of programming logic devices manufactured by
Intel and sold by Intel or its authorized distributors.  Please
refer to the applicable agreement for further details, at
https://fpgasoftware.intel.com/eula.



+-------------------------------------------------------------------------------------+
; Analysis & Synthesis Summary                                                        ;
+------------------------------------+------------------------------------------------+
; Analysis & Synthesis Status        ; Successful - Wed Sep 11 23:24:30 2024          ;
; Quartus Prime Version              ; 23.1std.0 Build 991 11/28/2023 SC Lite Edition ;
; Revision Name                      ; top_module                                     ;
; Top-level Entity Name              ; top_module                                     ;
; Family                             ; Cyclone IV E                                   ;
; Total logic elements               ; 2,607                                          ;
;     Total combinational functions  ; 2,541                                          ;
;     Dedicated logic registers      ; 232                                            ;
; Total registers                    ; 232                                            ;
; Total pins                         ; 11                                             ;
; Total virtual pins                 ; 0                                              ;
; Total memory bits                  ; 0                                              ;
; Embedded Multiplier 9-bit elements ; 6                                              ;
; Total PLLs                         ; 0                                              ;
+------------------------------------+------------------------------------------------+


+------------------------------------------------------------------------------------------------------------+
; Analysis & Synthesis Settings                                                                              ;
+------------------------------------------------------------------+--------------------+--------------------+
; Option                                                           ; Setting            ; Default Value      ;
+------------------------------------------------------------------+--------------------+--------------------+
; Device                                                           ; EP4CE6E22C8        ;                    ;
; Top-level entity name                                            ; top_module         ; top_module         ;
; Family name                                                      ; Cyclone IV E       ; Cyclone V          ;
; Use smart compilation                                            ; Off                ; Off                ;
; Enable parallel Assembler and Timing Analyzer during compilation ; On                 ; On                 ;
; Enable compact report table                                      ; Off                ; Off                ;
; Restructure Multiplexers                                         ; Auto               ; Auto               ;
; Create Debugging Nodes for IP Cores                              ; Off                ; Off                ;
; Preserve fewer node names                                        ; On                 ; On                 ;
; Intel FPGA IP Evaluation Mode                                    ; Enable             ; Enable             ;
; Verilog Version                                                  ; Verilog_2001       ; Verilog_2001       ;
; VHDL Version                                                     ; VHDL_1993          ; VHDL_1993          ;
; State Machine Processing                                         ; Auto               ; Auto               ;
; Safe State Machine                                               ; Off                ; Off                ;
; Extract Verilog State Machines                                   ; On                 ; On                 ;
; Extract VHDL State Machines                                      ; On                 ; On                 ;
; Ignore Verilog initial constructs                                ; Off                ; Off                ;
; Iteration limit for constant Verilog loops                       ; 5000               ; 5000               ;
; Iteration limit for non-constant Verilog loops                   ; 250                ; 250                ;
; Add Pass-Through Logic to Inferred RAMs                          ; On                 ; On                 ;
; Infer RAMs from Raw Logic                                        ; On                 ; On                 ;
; Parallel Synthesis                                               ; On                 ; On                 ;
; DSP Block Balancing                                              ; Auto               ; Auto               ;
; NOT Gate Push-Back                                               ; On                 ; On                 ;
; Power-Up Don't Care                                              ; On                 ; On                 ;
; Remove Redundant Logic Cells                                     ; Off                ; Off                ;
; Remove Duplicate Registers                                       ; On                 ; On                 ;
; Ignore CARRY Buffers                                             ; Off                ; Off                ;
; Ignore CASCADE Buffers                                           ; Off                ; Off                ;
; Ignore GLOBAL Buffers                                            ; Off                ; Off                ;
; Ignore ROW GLOBAL Buffers                                        ; Off                ; Off                ;
; Ignore LCELL Buffers                                             ; Off                ; Off                ;
; Ignore SOFT Buffers                                              ; On                 ; On                 ;
; Limit AHDL Integers to 32 Bits                                   ; Off                ; Off                ;
; Optimization Technique                                           ; Balanced           ; Balanced           ;
; Carry Chain Length                                               ; 70                 ; 70                 ;
; Auto Carry Chains                                                ; On                 ; On                 ;
; Auto Open-Drain Pins                                             ; On                 ; On                 ;
; Perform WYSIWYG Primitive Resynthesis                            ; Off                ; Off                ;
; Auto ROM Replacement                                             ; On                 ; On                 ;
; Auto RAM Replacement                                             ; On                 ; On                 ;
; Auto DSP Block Replacement                                       ; On                 ; On                 ;
; Auto Shift Register Replacement                                  ; Auto               ; Auto               ;
; Allow Shift Register Merging across Hierarchies                  ; Auto               ; Auto               ;
; Auto Clock Enable Replacement                                    ; On                 ; On                 ;
; Strict RAM Replacement                                           ; Off                ; Off                ;
; Allow Synchronous Control Signals                                ; On                 ; On                 ;
; Force Use of Synchronous Clear Signals                           ; Off                ; Off                ;
; Auto RAM Block Balancing                                         ; On                 ; On                 ;
; Auto RAM to Logic Cell Conversion                                ; Off                ; Off                ;
; Auto Resource Sharing                                            ; Off                ; Off                ;
; Allow Any RAM Size For Recognition                               ; Off                ; Off                ;
; Allow Any ROM Size For Recognition                               ; Off                ; Off                ;
; Allow Any Shift Register Size For Recognition                    ; Off                ; Off                ;
; Use LogicLock Constraints during Resource Balancing              ; On                 ; On                 ;
; Ignore translate_off and synthesis_off directives                ; Off                ; Off                ;
; Timing-Driven Synthesis                                          ; On                 ; On                 ;
; Report Parameter Settings                                        ; On                 ; On                 ;
; Report Source Assignments                                        ; On                 ; On                 ;
; Report Connectivity Checks                                       ; On                 ; On                 ;
; Ignore Maximum Fan-Out Assignments                               ; Off                ; Off                ;
; Synchronization Register Chain Length                            ; 2                  ; 2                  ;
; Power Optimization During Synthesis                              ; Normal compilation ; Normal compilation ;
; HDL message level                                                ; Level2             ; Level2             ;
; Suppress Register Optimization Related Messages                  ; Off                ; Off                ;
; Number of Removed Registers Reported in Synthesis Report         ; 5000               ; 5000               ;
; Number of Swept Nodes Reported in Synthesis Report               ; 5000               ; 5000               ;
; Number of Inverted Registers Reported in Synthesis Report        ; 100                ; 100                ;
; Clock MUX Protection                                             ; On                 ; On                 ;
; Auto Gated Clock Conversion                                      ; Off                ; Off                ;
; Block Design Naming                                              ; Auto               ; Auto               ;
; SDC constraint protection                                        ; Off                ; Off                ;
; Synthesis Effort                                                 ; Auto               ; Auto               ;
; Shift Register Replacement - Allow Asynchronous Clear Signal     ; On                 ; On                 ;
; Pre-Mapping Resynthesis Optimization                             ; Off                ; Off                ;
; Analysis & Synthesis Message Level                               ; Medium             ; Medium             ;
; Disable Register Merging Across Hierarchies                      ; Auto               ; Auto               ;
; Resource Aware Inference For Block RAM                           ; On                 ; On                 ;
+------------------------------------------------------------------+--------------------+--------------------+


+------------------------------------------+
; Parallel Compilation                     ;
+----------------------------+-------------+
; Processors                 ; Number      ;
+----------------------------+-------------+
; Number detected on machine ; 8           ;
; Maximum allowed            ; 8           ;
;                            ;             ;
; Average used               ; 1.00        ;
; Maximum used               ; 8           ;
;                            ;             ;
; Usage by Processor         ; % Time Used ;
;     Processor 1            ; 100.0%      ;
;     Processor 2            ;   0.1%      ;
;     Processor 3            ;   0.1%      ;
;     Processor 4            ;   0.1%      ;
;     Processor 5            ;   0.0%      ;
;     Processor 6            ;   0.0%      ;
;     Processor 7            ;   0.0%      ;
;     Processor 8            ;   0.0%      ;
+----------------------------+-------------+


+-------------------------------------------------------------------------------------------------------------------------------------------------------------------------------------+
; Analysis & Synthesis Source Files Read                                                                                                                                              ;
+----------------------------------+-----------------+------------------------------+---------------------------------------------------------------------------------------+---------+
; File Name with User-Entered Path ; Used in Netlist ; File Type                    ; File Name with Absolute Path                                                          ; Library ;
+----------------------------------+-----------------+------------------------------+---------------------------------------------------------------------------------------+---------+
; color_identifier1.v              ; yes             ; User Verilog HDL File        ; C:/Users/Brayan/Desktop/2024-1/digital/sensor/color sensor/color_identifier1.v        ;         ;
; top_module.v                     ; yes             ; User Verilog HDL File        ; C:/Users/Brayan/Desktop/2024-1/digital/sensor/color sensor/top_module.v               ;         ;
; color_sensor3.v                  ; yes             ; User Verilog HDL File        ; C:/Users/Brayan/Desktop/2024-1/digital/sensor/color sensor/color_sensor3.v            ;         ;
; lpm_mult.tdf                     ; yes             ; Megafunction                 ; c:/qu/quartus/libraries/megafunctions/lpm_mult.tdf                                    ;         ;
; aglobal231.inc                   ; yes             ; Megafunction                 ; c:/qu/quartus/libraries/megafunctions/aglobal231.inc                                  ;         ;
; lpm_add_sub.inc                  ; yes             ; Megafunction                 ; c:/qu/quartus/libraries/megafunctions/lpm_add_sub.inc                                 ;         ;
; multcore.inc                     ; yes             ; Megafunction                 ; c:/qu/quartus/libraries/megafunctions/multcore.inc                                    ;         ;
; bypassff.inc                     ; yes             ; Megafunction                 ; c:/qu/quartus/libraries/megafunctions/bypassff.inc                                    ;         ;
; altshift.inc                     ; yes             ; Megafunction                 ; c:/qu/quartus/libraries/megafunctions/altshift.inc                                    ;         ;
; db/mult_bft.tdf                  ; yes             ; Auto-Generated Megafunction  ; C:/Users/Brayan/Desktop/2024-1/digital/sensor/color sensor/db/mult_bft.tdf            ;         ;
; lpm_divide.tdf                   ; yes             ; Megafunction                 ; c:/qu/quartus/libraries/megafunctions/lpm_divide.tdf                                  ;         ;
; abs_divider.inc                  ; yes             ; Megafunction                 ; c:/qu/quartus/libraries/megafunctions/abs_divider.inc                                 ;         ;
; sign_div_unsign.inc              ; yes             ; Megafunction                 ; c:/qu/quartus/libraries/megafunctions/sign_div_unsign.inc                             ;         ;
; db/lpm_divide_kkm.tdf            ; yes             ; Auto-Generated Megafunction  ; C:/Users/Brayan/Desktop/2024-1/digital/sensor/color sensor/db/lpm_divide_kkm.tdf      ;         ;
; db/sign_div_unsign_cnh.tdf       ; yes             ; Auto-Generated Megafunction  ; C:/Users/Brayan/Desktop/2024-1/digital/sensor/color sensor/db/sign_div_unsign_cnh.tdf ;         ;
; db/alt_u_div_caf.tdf             ; yes             ; Auto-Generated Megafunction  ; C:/Users/Brayan/Desktop/2024-1/digital/sensor/color sensor/db/alt_u_div_caf.tdf       ;         ;
; db/add_sub_7pc.tdf               ; yes             ; Auto-Generated Megafunction  ; C:/Users/Brayan/Desktop/2024-1/digital/sensor/color sensor/db/add_sub_7pc.tdf         ;         ;
; db/add_sub_8pc.tdf               ; yes             ; Auto-Generated Megafunction  ; C:/Users/Brayan/Desktop/2024-1/digital/sensor/color sensor/db/add_sub_8pc.tdf         ;         ;
; db/mult_dft.tdf                  ; yes             ; Auto-Generated Megafunction  ; C:/Users/Brayan/Desktop/2024-1/digital/sensor/color sensor/db/mult_dft.tdf            ;         ;
; db/lpm_divide_qkm.tdf            ; yes             ; Auto-Generated Megafunction  ; C:/Users/Brayan/Desktop/2024-1/digital/sensor/color sensor/db/lpm_divide_qkm.tdf      ;         ;
; db/sign_div_unsign_inh.tdf       ; yes             ; Auto-Generated Megafunction  ; C:/Users/Brayan/Desktop/2024-1/digital/sensor/color sensor/db/sign_div_unsign_inh.tdf ;         ;
; db/alt_u_div_faf.tdf             ; yes             ; Auto-Generated Megafunction  ; C:/Users/Brayan/Desktop/2024-1/digital/sensor/color sensor/db/alt_u_div_faf.tdf       ;         ;
+----------------------------------+-----------------+------------------------------+---------------------------------------------------------------------------------------+---------+


+---------------------------------------------------------+
; Analysis & Synthesis Resource Usage Summary             ;
+---------------------------------------------+-----------+
; Resource                                    ; Usage     ;
+---------------------------------------------+-----------+
; Estimated Total logic elements              ; 2,607     ;
;                                             ;           ;
; Total combinational functions               ; 2541      ;
; Logic element usage by number of LUT inputs ;           ;
;     -- 4 input functions                    ; 714       ;
;     -- 3 input functions                    ; 1580      ;
;     -- <=2 input functions                  ; 247       ;
;                                             ;           ;
; Logic elements by mode                      ;           ;
;     -- normal mode                          ; 1266      ;
;     -- arithmetic mode                      ; 1275      ;
;                                             ;           ;
; Total registers                             ; 232       ;
;     -- Dedicated logic registers            ; 232       ;
;     -- I/O registers                        ; 0         ;
;                                             ;           ;
; I/O pins                                    ; 11        ;
;                                             ;           ;
; Embedded Multiplier 9-bit elements          ; 6         ;
;                                             ;           ;
; Maximum fan-out node                        ; clk~input ;
; Maximum fan-out                             ; 232       ;
; Total fan-out                               ; 8766      ;
; Average fan-out                             ; 3.13      ;
+---------------------------------------------+-----------+


+-------------------------------------------------------------------------------------------------------------------------------------------------------------------------------------------------------------------------------------------------------------------------------------------------------------------------------------------------------------------------+
; Analysis & Synthesis Resource Utilization by Entity                                                                                                                                                                                                                                                                                                                     ;
+-------------------------------------------+---------------------+---------------------------+-------------+--------------+---------+-----------+------+--------------+-------------------------------------------------------------------------------------------------------------------------------------------------------------+---------------------+--------------+
; Compilation Hierarchy Node                ; Combinational ALUTs ; Dedicated Logic Registers ; Memory Bits ; DSP Elements ; DSP 9x9 ; DSP 18x18 ; Pins ; Virtual Pins ; Full Hierarchy Name                                                                                                                                         ; Entity Name         ; Library Name ;
+-------------------------------------------+---------------------+---------------------------+-------------+--------------+---------+-----------+------+--------------+-------------------------------------------------------------------------------------------------------------------------------------------------------------+---------------------+--------------+
; |top_module                               ; 2541 (0)            ; 232 (0)                   ; 0           ; 6            ; 2       ; 2         ; 11   ; 0            ; |top_module                                                                                                                                                 ; top_module          ; work         ;
;    |color_identifier1:identifier_inst|    ; 15 (15)             ; 0 (0)                     ; 0           ; 0            ; 0       ; 0         ; 0    ; 0            ; |top_module|color_identifier1:identifier_inst                                                                                                               ; color_identifier1   ; work         ;
;    |color_sensor3:sensor_inst|            ; 2526 (227)          ; 232 (232)                 ; 0           ; 6            ; 2       ; 2         ; 0    ; 0            ; |top_module|color_sensor3:sensor_inst                                                                                                                       ; color_sensor3       ; work         ;
;       |lpm_divide:Div0|                   ; 729 (0)             ; 0 (0)                     ; 0           ; 0            ; 0       ; 0         ; 0    ; 0            ; |top_module|color_sensor3:sensor_inst|lpm_divide:Div0                                                                                                       ; lpm_divide          ; work         ;
;          |lpm_divide_kkm:auto_generated|  ; 729 (0)             ; 0 (0)                     ; 0           ; 0            ; 0       ; 0         ; 0    ; 0            ; |top_module|color_sensor3:sensor_inst|lpm_divide:Div0|lpm_divide_kkm:auto_generated                                                                         ; lpm_divide_kkm      ; work         ;
;             |sign_div_unsign_cnh:divider| ; 729 (0)             ; 0 (0)                     ; 0           ; 0            ; 0       ; 0         ; 0    ; 0            ; |top_module|color_sensor3:sensor_inst|lpm_divide:Div0|lpm_divide_kkm:auto_generated|sign_div_unsign_cnh:divider                                             ; sign_div_unsign_cnh ; work         ;
;                |alt_u_div_caf:divider|    ; 729 (728)           ; 0 (0)                     ; 0           ; 0            ; 0       ; 0         ; 0    ; 0            ; |top_module|color_sensor3:sensor_inst|lpm_divide:Div0|lpm_divide_kkm:auto_generated|sign_div_unsign_cnh:divider|alt_u_div_caf:divider                       ; alt_u_div_caf       ; work         ;
;                   |add_sub_8pc:add_sub_1| ; 1 (1)               ; 0 (0)                     ; 0           ; 0            ; 0       ; 0         ; 0    ; 0            ; |top_module|color_sensor3:sensor_inst|lpm_divide:Div0|lpm_divide_kkm:auto_generated|sign_div_unsign_cnh:divider|alt_u_div_caf:divider|add_sub_8pc:add_sub_1 ; add_sub_8pc         ; work         ;
;       |lpm_divide:Div1|                   ; 729 (0)             ; 0 (0)                     ; 0           ; 0            ; 0       ; 0         ; 0    ; 0            ; |top_module|color_sensor3:sensor_inst|lpm_divide:Div1                                                                                                       ; lpm_divide          ; work         ;
;          |lpm_divide_qkm:auto_generated|  ; 729 (0)             ; 0 (0)                     ; 0           ; 0            ; 0       ; 0         ; 0    ; 0            ; |top_module|color_sensor3:sensor_inst|lpm_divide:Div1|lpm_divide_qkm:auto_generated                                                                         ; lpm_divide_qkm      ; work         ;
;             |sign_div_unsign_inh:divider| ; 729 (0)             ; 0 (0)                     ; 0           ; 0            ; 0       ; 0         ; 0    ; 0            ; |top_module|color_sensor3:sensor_inst|lpm_divide:Div1|lpm_divide_qkm:auto_generated|sign_div_unsign_inh:divider                                             ; sign_div_unsign_inh ; work         ;
;                |alt_u_div_faf:divider|    ; 729 (728)           ; 0 (0)                     ; 0           ; 0            ; 0       ; 0         ; 0    ; 0            ; |top_module|color_sensor3:sensor_inst|lpm_divide:Div1|lpm_divide_qkm:auto_generated|sign_div_unsign_inh:divider|alt_u_div_faf:divider                       ; alt_u_div_faf       ; work         ;
;                   |add_sub_8pc:add_sub_1| ; 1 (1)               ; 0 (0)                     ; 0           ; 0            ; 0       ; 0         ; 0    ; 0            ; |top_module|color_sensor3:sensor_inst|lpm_divide:Div1|lpm_divide_qkm:auto_generated|sign_div_unsign_inh:divider|alt_u_div_faf:divider|add_sub_8pc:add_sub_1 ; add_sub_8pc         ; work         ;
;       |lpm_divide:Div2|                   ; 820 (0)             ; 0 (0)                     ; 0           ; 0            ; 0       ; 0         ; 0    ; 0            ; |top_module|color_sensor3:sensor_inst|lpm_divide:Div2                                                                                                       ; lpm_divide          ; work         ;
;          |lpm_divide_qkm:auto_generated|  ; 820 (0)             ; 0 (0)                     ; 0           ; 0            ; 0       ; 0         ; 0    ; 0            ; |top_module|color_sensor3:sensor_inst|lpm_divide:Div2|lpm_divide_qkm:auto_generated                                                                         ; lpm_divide_qkm      ; work         ;
;             |sign_div_unsign_inh:divider| ; 820 (0)             ; 0 (0)                     ; 0           ; 0            ; 0       ; 0         ; 0    ; 0            ; |top_module|color_sensor3:sensor_inst|lpm_divide:Div2|lpm_divide_qkm:auto_generated|sign_div_unsign_inh:divider                                             ; sign_div_unsign_inh ; work         ;
;                |alt_u_div_faf:divider|    ; 820 (819)           ; 0 (0)                     ; 0           ; 0            ; 0       ; 0         ; 0    ; 0            ; |top_module|color_sensor3:sensor_inst|lpm_divide:Div2|lpm_divide_qkm:auto_generated|sign_div_unsign_inh:divider|alt_u_div_faf:divider                       ; alt_u_div_faf       ; work         ;
;                   |add_sub_8pc:add_sub_1| ; 1 (1)               ; 0 (0)                     ; 0           ; 0            ; 0       ; 0         ; 0    ; 0            ; |top_module|color_sensor3:sensor_inst|lpm_divide:Div2|lpm_divide_qkm:auto_generated|sign_div_unsign_inh:divider|alt_u_div_faf:divider|add_sub_8pc:add_sub_1 ; add_sub_8pc         ; work         ;
;       |lpm_mult:Mult0|                    ; 10 (0)              ; 0 (0)                     ; 0           ; 3            ; 1       ; 1         ; 0    ; 0            ; |top_module|color_sensor3:sensor_inst|lpm_mult:Mult0                                                                                                        ; lpm_mult            ; work         ;
;          |mult_bft:auto_generated|        ; 10 (10)             ; 0 (0)                     ; 0           ; 3            ; 1       ; 1         ; 0    ; 0            ; |top_module|color_sensor3:sensor_inst|lpm_mult:Mult0|mult_bft:auto_generated                                                                                ; mult_bft            ; work         ;
;       |lpm_mult:Mult1|                    ; 11 (0)              ; 0 (0)                     ; 0           ; 3            ; 1       ; 1         ; 0    ; 0            ; |top_module|color_sensor3:sensor_inst|lpm_mult:Mult1                                                                                                        ; lpm_mult            ; work         ;
;          |mult_dft:auto_generated|        ; 11 (11)             ; 0 (0)                     ; 0           ; 3            ; 1       ; 1         ; 0    ; 0            ; |top_module|color_sensor3:sensor_inst|lpm_mult:Mult1|mult_dft:auto_generated                                                                                ; mult_dft            ; work         ;
+-------------------------------------------+---------------------+---------------------------+-------------+--------------+---------+-----------+------+--------------+-------------------------------------------------------------------------------------------------------------------------------------------------------------+---------------------+--------------+
Note: For table entries with two numbers listed, the numbers in parentheses indicate the number of resources of the given type used by the specific entity alone. The numbers listed outside of parentheses indicate the total resources of the given type used by the specific entity and all of its sub-entities in the hierarchy.


+-----------------------------------------------------+
; Analysis & Synthesis DSP Block Usage Summary        ;
+---------------------------------------+-------------+
; Statistic                             ; Number Used ;
+---------------------------------------+-------------+
; Simple Multipliers (9-bit)            ; 2           ;
; Simple Multipliers (18-bit)           ; 2           ;
; Embedded Multiplier Blocks            ; --          ;
; Embedded Multiplier 9-bit elements    ; 6           ;
; Signed Embedded Multipliers           ; 0           ;
; Unsigned Embedded Multipliers         ; 4           ;
; Mixed Sign Embedded Multipliers       ; 0           ;
; Variable Sign Embedded Multipliers    ; 0           ;
; Dedicated Input Shift Register Chains ; 0           ;
+---------------------------------------+-------------+
Note: number of Embedded Multiplier Blocks used is only available after a successful fit.


Encoding Type:  One-Hot
+--------------------------------------------------------------------------------------------------+
; State Machine - |top_module|color_sensor3:sensor_inst|state                                      ;
+-------------------+---------------+--------------+---------------+-----------+-------------------+
; Name              ; state.S_CLEAR ; state.S_BLUE ; state.S_GREEN ; state.000 ; state.S_NORMALIZE ;
+-------------------+---------------+--------------+---------------+-----------+-------------------+
; state.000         ; 0             ; 0            ; 0             ; 0         ; 0                 ;
; state.S_GREEN     ; 0             ; 0            ; 1             ; 1         ; 0                 ;
; state.S_BLUE      ; 0             ; 1            ; 0             ; 1         ; 0                 ;
; state.S_CLEAR     ; 1             ; 0            ; 0             ; 1         ; 0                 ;
; state.S_NORMALIZE ; 0             ; 0            ; 0             ; 1         ; 1                 ;
+-------------------+---------------+--------------+---------------+-----------+-------------------+


+---------------------------------------------------------------+
; Registers Removed During Synthesis                            ;
+------------------------------------------+--------------------+
; Register name                            ; Reason for Removal ;
+------------------------------------------+--------------------+
; color_sensor3:sensor_inst|red_norm[0]    ; Lost fanout        ;
; color_sensor3:sensor_inst|red_value[0]   ; Lost fanout        ;
; color_sensor3:sensor_inst|green_norm[0]  ; Lost fanout        ;
; color_sensor3:sensor_inst|green_value[0] ; Lost fanout        ;
; color_sensor3:sensor_inst|green_norm[1]  ; Lost fanout        ;
; color_sensor3:sensor_inst|green_value[1] ; Lost fanout        ;
; color_sensor3:sensor_inst|state~4        ; Lost fanout        ;
; color_sensor3:sensor_inst|state~5        ; Lost fanout        ;
; Total Number of Removed Registers = 8    ;                    ;
+------------------------------------------+--------------------+


+---------------------------------------------------------------------------------------------------------+
; Removed Registers Triggering Further Register Optimizations                                             ;
+-----------------------------------------+--------------------+------------------------------------------+
; Register name                           ; Reason for Removal ; Registers Removed due to This Register   ;
+-----------------------------------------+--------------------+------------------------------------------+
; color_sensor3:sensor_inst|red_norm[0]   ; Lost Fanouts       ; color_sensor3:sensor_inst|red_value[0]   ;
; color_sensor3:sensor_inst|green_norm[0] ; Lost Fanouts       ; color_sensor3:sensor_inst|green_value[0] ;
; color_sensor3:sensor_inst|green_norm[1] ; Lost Fanouts       ; color_sensor3:sensor_inst|green_value[1] ;
+-----------------------------------------+--------------------+------------------------------------------+


+------------------------------------------------------+
; General Register Statistics                          ;
+----------------------------------------------+-------+
; Statistic                                    ; Value ;
+----------------------------------------------+-------+
; Total registers                              ; 232   ;
; Number of registers using Synchronous Clear  ; 116   ;
; Number of registers using Synchronous Load   ; 0     ;
; Number of registers using Asynchronous Clear ; 0     ;
; Number of registers using Asynchronous Load  ; 0     ;
; Number of registers using Clock Enable       ; 198   ;
; Number of registers using Preset             ; 0     ;
+----------------------------------------------+-------+


+---------------------------------------------------------------------------------------------------------------------------------------------------------------------+
; Multiplexer Restructuring Statistics (Restructuring Performed)                                                                                                      ;
+--------------------+-----------+---------------+----------------------+------------------------+------------+-------------------------------------------------------+
; Multiplexer Inputs ; Bus Width ; Baseline Area ; Area if Restructured ; Saving if Restructured ; Registered ; Example Multiplexer Output                            ;
+--------------------+-----------+---------------+----------------------+------------------------+------------+-------------------------------------------------------+
; 5:1                ; 21 bits   ; 63 LEs        ; 21 LEs               ; 42 LEs                 ; Yes        ; |top_module|color_sensor3:sensor_inst|blue_count[6]   ;
; 5:1                ; 21 bits   ; 63 LEs        ; 21 LEs               ; 42 LEs                 ; Yes        ; |top_module|color_sensor3:sensor_inst|clear_count[17] ;
; 5:1                ; 21 bits   ; 63 LEs        ; 21 LEs               ; 42 LEs                 ; Yes        ; |top_module|color_sensor3:sensor_inst|green_count[4]  ;
; 5:1                ; 21 bits   ; 63 LEs        ; 21 LEs               ; 42 LEs                 ; Yes        ; |top_module|color_sensor3:sensor_inst|red_count[20]   ;
+--------------------+-----------+---------------+----------------------+------------------------+------------+-------------------------------------------------------+


+-------------------------------------------------------------------------------------------+
; Parameter Settings for Inferred Entity Instance: color_sensor3:sensor_inst|lpm_mult:Mult0 ;
+------------------------------------------------+--------------+---------------------------+
; Parameter Name                                 ; Value        ; Type                      ;
+------------------------------------------------+--------------+---------------------------+
; AUTO_CARRY_CHAINS                              ; ON           ; AUTO_CARRY                ;
; IGNORE_CARRY_BUFFERS                           ; OFF          ; IGNORE_CARRY              ;
; AUTO_CASCADE_CHAINS                            ; ON           ; AUTO_CASCADE              ;
; IGNORE_CASCADE_BUFFERS                         ; OFF          ; IGNORE_CASCADE            ;
; LPM_WIDTHA                                     ; 21           ; Untyped                   ;
; LPM_WIDTHB                                     ; 7            ; Untyped                   ;
; LPM_WIDTHP                                     ; 28           ; Untyped                   ;
; LPM_WIDTHR                                     ; 28           ; Untyped                   ;
; LPM_WIDTHS                                     ; 1            ; Untyped                   ;
; LPM_REPRESENTATION                             ; UNSIGNED     ; Untyped                   ;
; LPM_PIPELINE                                   ; 0            ; Untyped                   ;
; LATENCY                                        ; 0            ; Untyped                   ;
; INPUT_A_IS_CONSTANT                            ; NO           ; Untyped                   ;
; INPUT_B_IS_CONSTANT                            ; YES          ; Untyped                   ;
; USE_EAB                                        ; OFF          ; Untyped                   ;
; MAXIMIZE_SPEED                                 ; 5            ; Untyped                   ;
; DEVICE_FAMILY                                  ; Cyclone IV E ; Untyped                   ;
; CARRY_CHAIN                                    ; MANUAL       ; Untyped                   ;
; APEX20K_TECHNOLOGY_MAPPER                      ; LUT          ; TECH_MAPPER_APEX20K       ;
; DEDICATED_MULTIPLIER_CIRCUITRY                 ; AUTO         ; Untyped                   ;
; DEDICATED_MULTIPLIER_MIN_INPUT_WIDTH_FOR_AUTO  ; 0            ; Untyped                   ;
; DEDICATED_MULTIPLIER_MIN_OUTPUT_WIDTH_FOR_AUTO ; 0            ; Untyped                   ;
; CBXI_PARAMETER                                 ; mult_bft     ; Untyped                   ;
; INPUT_A_FIXED_VALUE                            ; Bx           ; Untyped                   ;
; INPUT_B_FIXED_VALUE                            ; Bx           ; Untyped                   ;
; USE_AHDL_IMPLEMENTATION                        ; OFF          ; Untyped                   ;
+------------------------------------------------+--------------+---------------------------+
Note: In order to hide this table in the UI and the text report file, please set the "Show Parameter Settings in Synthesis Report" option in "Analysis and Synthesis Settings -> More Settings" to "Off".


+--------------------------------------------------------------------------------------------+
; Parameter Settings for Inferred Entity Instance: color_sensor3:sensor_inst|lpm_divide:Div0 ;
+------------------------+----------------+--------------------------------------------------+
; Parameter Name         ; Value          ; Type                                             ;
+------------------------+----------------+--------------------------------------------------+
; LPM_WIDTHN             ; 28             ; Untyped                                          ;
; LPM_WIDTHD             ; 21             ; Untyped                                          ;
; LPM_NREPRESENTATION    ; UNSIGNED       ; Untyped                                          ;
; LPM_DREPRESENTATION    ; UNSIGNED       ; Untyped                                          ;
; LPM_PIPELINE           ; 0              ; Untyped                                          ;
; LPM_REMAINDERPOSITIVE  ; TRUE           ; Untyped                                          ;
; MAXIMIZE_SPEED         ; 5              ; Untyped                                          ;
; CBXI_PARAMETER         ; lpm_divide_kkm ; Untyped                                          ;
; CARRY_CHAIN            ; MANUAL         ; Untyped                                          ;
; OPTIMIZE_FOR_SPEED     ; 5              ; Untyped                                          ;
; AUTO_CARRY_CHAINS      ; ON             ; AUTO_CARRY                                       ;
; IGNORE_CARRY_BUFFERS   ; OFF            ; IGNORE_CARRY                                     ;
; AUTO_CASCADE_CHAINS    ; ON             ; AUTO_CASCADE                                     ;
; IGNORE_CASCADE_BUFFERS ; OFF            ; IGNORE_CASCADE                                   ;
+------------------------+----------------+--------------------------------------------------+
Note: In order to hide this table in the UI and the text report file, please set the "Show Parameter Settings in Synthesis Report" option in "Analysis and Synthesis Settings -> More Settings" to "Off".


+-------------------------------------------------------------------------------------------+
; Parameter Settings for Inferred Entity Instance: color_sensor3:sensor_inst|lpm_mult:Mult1 ;
+------------------------------------------------+--------------+---------------------------+
; Parameter Name                                 ; Value        ; Type                      ;
+------------------------------------------------+--------------+---------------------------+
; AUTO_CARRY_CHAINS                              ; ON           ; AUTO_CARRY                ;
; IGNORE_CARRY_BUFFERS                           ; OFF          ; IGNORE_CARRY              ;
; AUTO_CASCADE_CHAINS                            ; ON           ; AUTO_CASCADE              ;
; IGNORE_CASCADE_BUFFERS                         ; OFF          ; IGNORE_CASCADE            ;
; LPM_WIDTHA                                     ; 21           ; Untyped                   ;
; LPM_WIDTHB                                     ; 8            ; Untyped                   ;
; LPM_WIDTHP                                     ; 29           ; Untyped                   ;
; LPM_WIDTHR                                     ; 29           ; Untyped                   ;
; LPM_WIDTHS                                     ; 1            ; Untyped                   ;
; LPM_REPRESENTATION                             ; UNSIGNED     ; Untyped                   ;
; LPM_PIPELINE                                   ; 0            ; Untyped                   ;
; LATENCY                                        ; 0            ; Untyped                   ;
; INPUT_A_IS_CONSTANT                            ; NO           ; Untyped                   ;
; INPUT_B_IS_CONSTANT                            ; YES          ; Untyped                   ;
; USE_EAB                                        ; OFF          ; Untyped                   ;
; MAXIMIZE_SPEED                                 ; 5            ; Untyped                   ;
; DEVICE_FAMILY                                  ; Cyclone IV E ; Untyped                   ;
; CARRY_CHAIN                                    ; MANUAL       ; Untyped                   ;
; APEX20K_TECHNOLOGY_MAPPER                      ; LUT          ; TECH_MAPPER_APEX20K       ;
; DEDICATED_MULTIPLIER_CIRCUITRY                 ; AUTO         ; Untyped                   ;
; DEDICATED_MULTIPLIER_MIN_INPUT_WIDTH_FOR_AUTO  ; 0            ; Untyped                   ;
; DEDICATED_MULTIPLIER_MIN_OUTPUT_WIDTH_FOR_AUTO ; 0            ; Untyped                   ;
; CBXI_PARAMETER                                 ; mult_dft     ; Untyped                   ;
; INPUT_A_FIXED_VALUE                            ; Bx           ; Untyped                   ;
; INPUT_B_FIXED_VALUE                            ; Bx           ; Untyped                   ;
; USE_AHDL_IMPLEMENTATION                        ; OFF          ; Untyped                   ;
+------------------------------------------------+--------------+---------------------------+
Note: In order to hide this table in the UI and the text report file, please set the "Show Parameter Settings in Synthesis Report" option in "Analysis and Synthesis Settings -> More Settings" to "Off".


+--------------------------------------------------------------------------------------------+
; Parameter Settings for Inferred Entity Instance: color_sensor3:sensor_inst|lpm_divide:Div1 ;
+------------------------+----------------+--------------------------------------------------+
; Parameter Name         ; Value          ; Type                                             ;
+------------------------+----------------+--------------------------------------------------+
; LPM_WIDTHN             ; 29             ; Untyped                                          ;
; LPM_WIDTHD             ; 21             ; Untyped                                          ;
; LPM_NREPRESENTATION    ; UNSIGNED       ; Untyped                                          ;
; LPM_DREPRESENTATION    ; UNSIGNED       ; Untyped                                          ;
; LPM_PIPELINE           ; 0              ; Untyped                                          ;
; LPM_REMAINDERPOSITIVE  ; TRUE           ; Untyped                                          ;
; MAXIMIZE_SPEED         ; 5              ; Untyped                                          ;
; CBXI_PARAMETER         ; lpm_divide_qkm ; Untyped                                          ;
; CARRY_CHAIN            ; MANUAL         ; Untyped                                          ;
; OPTIMIZE_FOR_SPEED     ; 5              ; Untyped                                          ;
; AUTO_CARRY_CHAINS      ; ON             ; AUTO_CARRY                                       ;
; IGNORE_CARRY_BUFFERS   ; OFF            ; IGNORE_CARRY                                     ;
; AUTO_CASCADE_CHAINS    ; ON             ; AUTO_CASCADE                                     ;
; IGNORE_CASCADE_BUFFERS ; OFF            ; IGNORE_CASCADE                                   ;
+------------------------+----------------+--------------------------------------------------+
Note: In order to hide this table in the UI and the text report file, please set the "Show Parameter Settings in Synthesis Report" option in "Analysis and Synthesis Settings -> More Settings" to "Off".


+--------------------------------------------------------------------------------------------+
; Parameter Settings for Inferred Entity Instance: color_sensor3:sensor_inst|lpm_divide:Div2 ;
+------------------------+----------------+--------------------------------------------------+
; Parameter Name         ; Value          ; Type                                             ;
+------------------------+----------------+--------------------------------------------------+
; LPM_WIDTHN             ; 29             ; Untyped                                          ;
; LPM_WIDTHD             ; 21             ; Untyped                                          ;
; LPM_NREPRESENTATION    ; UNSIGNED       ; Untyped                                          ;
; LPM_DREPRESENTATION    ; UNSIGNED       ; Untyped                                          ;
; LPM_PIPELINE           ; 0              ; Untyped                                          ;
; LPM_REMAINDERPOSITIVE  ; TRUE           ; Untyped                                          ;
; MAXIMIZE_SPEED         ; 5              ; Untyped                                          ;
; CBXI_PARAMETER         ; lpm_divide_qkm ; Untyped                                          ;
; CARRY_CHAIN            ; MANUAL         ; Untyped                                          ;
; OPTIMIZE_FOR_SPEED     ; 5              ; Untyped                                          ;
; AUTO_CARRY_CHAINS      ; ON             ; AUTO_CARRY                                       ;
; IGNORE_CARRY_BUFFERS   ; OFF            ; IGNORE_CARRY                                     ;
; AUTO_CASCADE_CHAINS    ; ON             ; AUTO_CASCADE                                     ;
; IGNORE_CASCADE_BUFFERS ; OFF            ; IGNORE_CASCADE                                   ;
+------------------------+----------------+--------------------------------------------------+
Note: In order to hide this table in the UI and the text report file, please set the "Show Parameter Settings in Synthesis Report" option in "Analysis and Synthesis Settings -> More Settings" to "Off".


+----------------------------------------------------------------------------------+
; lpm_mult Parameter Settings by Entity Instance                                   ;
+---------------------------------------+------------------------------------------+
; Name                                  ; Value                                    ;
+---------------------------------------+------------------------------------------+
; Number of entity instances            ; 2                                        ;
; Entity Instance                       ; color_sensor3:sensor_inst|lpm_mult:Mult0 ;
;     -- LPM_WIDTHA                     ; 21                                       ;
;     -- LPM_WIDTHB                     ; 7                                        ;
;     -- LPM_WIDTHP                     ; 28                                       ;
;     -- LPM_REPRESENTATION             ; UNSIGNED                                 ;
;     -- INPUT_A_IS_CONSTANT            ; NO                                       ;
;     -- INPUT_B_IS_CONSTANT            ; YES                                      ;
;     -- USE_EAB                        ; OFF                                      ;
;     -- DEDICATED_MULTIPLIER_CIRCUITRY ; AUTO                                     ;
;     -- INPUT_A_FIXED_VALUE            ; Bx                                       ;
;     -- INPUT_B_FIXED_VALUE            ; Bx                                       ;
; Entity Instance                       ; color_sensor3:sensor_inst|lpm_mult:Mult1 ;
;     -- LPM_WIDTHA                     ; 21                                       ;
;     -- LPM_WIDTHB                     ; 8                                        ;
;     -- LPM_WIDTHP                     ; 29                                       ;
;     -- LPM_REPRESENTATION             ; UNSIGNED                                 ;
;     -- INPUT_A_IS_CONSTANT            ; NO                                       ;
;     -- INPUT_B_IS_CONSTANT            ; YES                                      ;
;     -- USE_EAB                        ; OFF                                      ;
;     -- DEDICATED_MULTIPLIER_CIRCUITRY ; AUTO                                     ;
;     -- INPUT_A_FIXED_VALUE            ; Bx                                       ;
;     -- INPUT_B_FIXED_VALUE            ; Bx                                       ;
+---------------------------------------+------------------------------------------+


+-------------------------------------------------------+
; Port Connectivity Checks: "color_sensor3:sensor_inst" ;
+------+-------+----------+-----------------------------+
; Port ; Type  ; Severity ; Details                     ;
+------+-------+----------+-----------------------------+
; rst  ; Input ; Info     ; Stuck at GND                ;
+------+-------+----------+-----------------------------+


+-----------------------------------------------------+
; Post-Synthesis Netlist Statistics for Top Partition ;
+-----------------------+-----------------------------+
; Type                  ; Count                       ;
+-----------------------+-----------------------------+
; boundary_port         ; 11                          ;
; cycloneiii_ff         ; 232                         ;
;     ENA               ; 114                         ;
;     ENA SCLR          ; 84                          ;
;     SCLR              ; 32                          ;
;     plain             ; 2                           ;
; cycloneiii_lcell_comb ; 2546                        ;
;     arith             ; 1275                        ;
;         2 data inputs ; 123                         ;
;         3 data inputs ; 1152                        ;
;     normal            ; 1271                        ;
;         0 data inputs ; 80                          ;
;         1 data inputs ; 12                          ;
;         2 data inputs ; 37                          ;
;         3 data inputs ; 428                         ;
;         4 data inputs ; 714                         ;
; cycloneiii_mac_mult   ; 4                           ;
; cycloneiii_mac_out    ; 4                           ;
;                       ;                             ;
; Max LUT depth         ; 100.70                      ;
; Average LUT depth     ; 79.94                       ;
+-----------------------+-----------------------------+


+-------------------------------+
; Elapsed Time Per Partition    ;
+----------------+--------------+
; Partition Name ; Elapsed Time ;
+----------------+--------------+
; Top            ; 00:00:15     ;
+----------------+--------------+


+-------------------------------+
; Analysis & Synthesis Messages ;
+-------------------------------+
Info: *******************************************************************
Info: Running Quartus Prime Analysis & Synthesis
    Info: Version 23.1std.0 Build 991 11/28/2023 SC Lite Edition
    Info: Processing started: Wed Sep 11 23:24:02 2024
Info: Command: quartus_map --read_settings_files=on --write_settings_files=off top_module -c top_module
Warning (18236): Number of processors has not been specified which may cause overloading on shared machines.  Set the global assignment NUM_PARALLEL_PROCESSORS in your QSF to an appropriate value for best performance.
Info (20030): Parallel compilation is enabled and will use 8 of the 8 processors detected
Info (12021): Found 1 design units, including 1 entities, in source file color_sensor1.v
    Info (12023): Found entity 1: color_sensor1 File: C:/Users/Brayan/Desktop/2024-1/digital/sensor/color sensor/color_sensor1.v Line: 1
Info (12021): Found 1 design units, including 1 entities, in source file color_identifier1.v
    Info (12023): Found entity 1: color_identifier1 File: C:/Users/Brayan/Desktop/2024-1/digital/sensor/color sensor/color_identifier1.v Line: 1
Warning (10229): Verilog HDL Expression warning at top_module.v(18): truncated literal to match 2 bits File: C:/Users/Brayan/Desktop/2024-1/digital/sensor/color sensor/top_module.v Line: 18
Info (12021): Found 1 design units, including 1 entities, in source file top_module.v
    Info (12023): Found entity 1: top_module File: C:/Users/Brayan/Desktop/2024-1/digital/sensor/color sensor/top_module.v Line: 4
Info (12021): Found 1 design units, including 1 entities, in source file color_sensor2.v
    Info (12023): Found entity 1: color_sensor2 File: C:/Users/Brayan/Desktop/2024-1/digital/sensor/color sensor/color_sensor2.v Line: 1
Info (12021): Found 1 design units, including 1 entities, in source file color_identifier.v
    Info (12023): Found entity 1: color_identifier File: C:/Users/Brayan/Desktop/2024-1/digital/sensor/color sensor/color_identifier.v Line: 1
Info (12021): Found 1 design units, including 1 entities, in source file color_sensor3.v
    Info (12023): Found entity 1: color_sensor3 File: C:/Users/Brayan/Desktop/2024-1/digital/sensor/color sensor/color_sensor3.v Line: 1
Info (12127): Elaborating entity "top_module" for the top level hierarchy
Info (12128): Elaborating entity "color_sensor3" for hierarchy "color_sensor3:sensor_inst" File: C:/Users/Brayan/Desktop/2024-1/digital/sensor/color sensor/top_module.v Line: 31
Warning (10230): Verilog HDL assignment warning at color_sensor3.v(56): truncated value with size 21 to match size of target (17) File: C:/Users/Brayan/Desktop/2024-1/digital/sensor/color sensor/color_sensor3.v Line: 56
Warning (10230): Verilog HDL assignment warning at color_sensor3.v(82): truncated value with size 32 to match size of target (21) File: C:/Users/Brayan/Desktop/2024-1/digital/sensor/color sensor/color_sensor3.v Line: 82
Warning (10230): Verilog HDL assignment warning at color_sensor3.v(87): truncated value with size 32 to match size of target (21) File: C:/Users/Brayan/Desktop/2024-1/digital/sensor/color sensor/color_sensor3.v Line: 87
Warning (10230): Verilog HDL assignment warning at color_sensor3.v(92): truncated value with size 32 to match size of target (21) File: C:/Users/Brayan/Desktop/2024-1/digital/sensor/color sensor/color_sensor3.v Line: 92
Warning (10230): Verilog HDL assignment warning at color_sensor3.v(97): truncated value with size 32 to match size of target (21) File: C:/Users/Brayan/Desktop/2024-1/digital/sensor/color sensor/color_sensor3.v Line: 97
Warning (10230): Verilog HDL assignment warning at color_sensor3.v(103): truncated value with size 32 to match size of target (17) File: C:/Users/Brayan/Desktop/2024-1/digital/sensor/color sensor/color_sensor3.v Line: 103
Warning (10230): Verilog HDL assignment warning at color_sensor3.v(104): truncated value with size 32 to match size of target (17) File: C:/Users/Brayan/Desktop/2024-1/digital/sensor/color sensor/color_sensor3.v Line: 104
Warning (10230): Verilog HDL assignment warning at color_sensor3.v(105): truncated value with size 32 to match size of target (17) File: C:/Users/Brayan/Desktop/2024-1/digital/sensor/color sensor/color_sensor3.v Line: 105
Warning (10230): Verilog HDL assignment warning at color_sensor3.v(143): truncated value with size 17 to match size of target (16) File: C:/Users/Brayan/Desktop/2024-1/digital/sensor/color sensor/color_sensor3.v Line: 143
Warning (10230): Verilog HDL assignment warning at color_sensor3.v(144): truncated value with size 17 to match size of target (16) File: C:/Users/Brayan/Desktop/2024-1/digital/sensor/color sensor/color_sensor3.v Line: 144
Warning (10230): Verilog HDL assignment warning at color_sensor3.v(145): truncated value with size 17 to match size of target (16) File: C:/Users/Brayan/Desktop/2024-1/digital/sensor/color sensor/color_sensor3.v Line: 145
Info (12128): Elaborating entity "color_identifier1" for hierarchy "color_identifier1:identifier_inst" File: C:/Users/Brayan/Desktop/2024-1/digital/sensor/color sensor/top_module.v Line: 39
Info (278001): Inferred 5 megafunctions from design logic
    Info (278003): Inferred multiplier megafunction ("lpm_mult") from the following logic: "color_sensor3:sensor_inst|Mult0" File: C:/Users/Brayan/Desktop/2024-1/digital/sensor/color sensor/color_sensor3.v Line: 103
    Info (278004): Inferred divider/modulo megafunction ("lpm_divide") from the following logic: "color_sensor3:sensor_inst|Div0" File: C:/Users/Brayan/Desktop/2024-1/digital/sensor/color sensor/color_sensor3.v Line: 103
    Info (278003): Inferred multiplier megafunction ("lpm_mult") from the following logic: "color_sensor3:sensor_inst|Mult1" File: C:/Users/Brayan/Desktop/2024-1/digital/sensor/color sensor/color_sensor3.v Line: 104
    Info (278004): Inferred divider/modulo megafunction ("lpm_divide") from the following logic: "color_sensor3:sensor_inst|Div1" File: C:/Users/Brayan/Desktop/2024-1/digital/sensor/color sensor/color_sensor3.v Line: 104
    Info (278004): Inferred divider/modulo megafunction ("lpm_divide") from the following logic: "color_sensor3:sensor_inst|Div2" File: C:/Users/Brayan/Desktop/2024-1/digital/sensor/color sensor/color_sensor3.v Line: 105
Info (12130): Elaborated megafunction instantiation "color_sensor3:sensor_inst|lpm_mult:Mult0" File: C:/Users/Brayan/Desktop/2024-1/digital/sensor/color sensor/color_sensor3.v Line: 103
Info (12133): Instantiated megafunction "color_sensor3:sensor_inst|lpm_mult:Mult0" with the following parameter: File: C:/Users/Brayan/Desktop/2024-1/digital/sensor/color sensor/color_sensor3.v Line: 103
    Info (12134): Parameter "LPM_WIDTHA" = "21"
    Info (12134): Parameter "LPM_WIDTHB" = "7"
    Info (12134): Parameter "LPM_WIDTHP" = "28"
    Info (12134): Parameter "LPM_WIDTHR" = "28"
    Info (12134): Parameter "LPM_WIDTHS" = "1"
    Info (12134): Parameter "LPM_REPRESENTATION" = "UNSIGNED"
    Info (12134): Parameter "INPUT_A_IS_CONSTANT" = "NO"
    Info (12134): Parameter "INPUT_B_IS_CONSTANT" = "YES"
    Info (12134): Parameter "MAXIMIZE_SPEED" = "5"
Info (12021): Found 1 design units, including 1 entities, in source file db/mult_bft.tdf
    Info (12023): Found entity 1: mult_bft File: C:/Users/Brayan/Desktop/2024-1/digital/sensor/color sensor/db/mult_bft.tdf Line: 31
Info (12130): Elaborated megafunction instantiation "color_sensor3:sensor_inst|lpm_divide:Div0" File: C:/Users/Brayan/Desktop/2024-1/digital/sensor/color sensor/color_sensor3.v Line: 103
Info (12133): Instantiated megafunction "color_sensor3:sensor_inst|lpm_divide:Div0" with the following parameter: File: C:/Users/Brayan/Desktop/2024-1/digital/sensor/color sensor/color_sensor3.v Line: 103
    Info (12134): Parameter "LPM_WIDTHN" = "28"
    Info (12134): Parameter "LPM_WIDTHD" = "21"
    Info (12134): Parameter "LPM_NREPRESENTATION" = "UNSIGNED"
    Info (12134): Parameter "LPM_DREPRESENTATION" = "UNSIGNED"
Info (12021): Found 1 design units, including 1 entities, in source file db/lpm_divide_kkm.tdf
    Info (12023): Found entity 1: lpm_divide_kkm File: C:/Users/Brayan/Desktop/2024-1/digital/sensor/color sensor/db/lpm_divide_kkm.tdf Line: 25
Info (12021): Found 1 design units, including 1 entities, in source file db/sign_div_unsign_cnh.tdf
    Info (12023): Found entity 1: sign_div_unsign_cnh File: C:/Users/Brayan/Desktop/2024-1/digital/sensor/color sensor/db/sign_div_unsign_cnh.tdf Line: 25
Info (12021): Found 1 design units, including 1 entities, in source file db/alt_u_div_caf.tdf
    Info (12023): Found entity 1: alt_u_div_caf File: C:/Users/Brayan/Desktop/2024-1/digital/sensor/color sensor/db/alt_u_div_caf.tdf Line: 27
Info (12021): Found 1 design units, including 1 entities, in source file db/add_sub_7pc.tdf
    Info (12023): Found entity 1: add_sub_7pc File: C:/Users/Brayan/Desktop/2024-1/digital/sensor/color sensor/db/add_sub_7pc.tdf Line: 23
Info (12021): Found 1 design units, including 1 entities, in source file db/add_sub_8pc.tdf
    Info (12023): Found entity 1: add_sub_8pc File: C:/Users/Brayan/Desktop/2024-1/digital/sensor/color sensor/db/add_sub_8pc.tdf Line: 23
Info (12130): Elaborated megafunction instantiation "color_sensor3:sensor_inst|lpm_mult:Mult1" File: C:/Users/Brayan/Desktop/2024-1/digital/sensor/color sensor/color_sensor3.v Line: 104
Info (12133): Instantiated megafunction "color_sensor3:sensor_inst|lpm_mult:Mult1" with the following parameter: File: C:/Users/Brayan/Desktop/2024-1/digital/sensor/color sensor/color_sensor3.v Line: 104
    Info (12134): Parameter "LPM_WIDTHA" = "21"
    Info (12134): Parameter "LPM_WIDTHB" = "8"
    Info (12134): Parameter "LPM_WIDTHP" = "29"
    Info (12134): Parameter "LPM_WIDTHR" = "29"
    Info (12134): Parameter "LPM_WIDTHS" = "1"
    Info (12134): Parameter "LPM_REPRESENTATION" = "UNSIGNED"
    Info (12134): Parameter "INPUT_A_IS_CONSTANT" = "NO"
    Info (12134): Parameter "INPUT_B_IS_CONSTANT" = "YES"
    Info (12134): Parameter "MAXIMIZE_SPEED" = "5"
Info (12021): Found 1 design units, including 1 entities, in source file db/mult_dft.tdf
    Info (12023): Found entity 1: mult_dft File: C:/Users/Brayan/Desktop/2024-1/digital/sensor/color sensor/db/mult_dft.tdf Line: 31
Info (12130): Elaborated megafunction instantiation "color_sensor3:sensor_inst|lpm_divide:Div1" File: C:/Users/Brayan/Desktop/2024-1/digital/sensor/color sensor/color_sensor3.v Line: 104
Info (12133): Instantiated megafunction "color_sensor3:sensor_inst|lpm_divide:Div1" with the following parameter: File: C:/Users/Brayan/Desktop/2024-1/digital/sensor/color sensor/color_sensor3.v Line: 104
    Info (12134): Parameter "LPM_WIDTHN" = "29"
    Info (12134): Parameter "LPM_WIDTHD" = "21"
    Info (12134): Parameter "LPM_NREPRESENTATION" = "UNSIGNED"
    Info (12134): Parameter "LPM_DREPRESENTATION" = "UNSIGNED"
Info (12021): Found 1 design units, including 1 entities, in source file db/lpm_divide_qkm.tdf
    Info (12023): Found entity 1: lpm_divide_qkm File: C:/Users/Brayan/Desktop/2024-1/digital/sensor/color sensor/db/lpm_divide_qkm.tdf Line: 25
Info (12021): Found 1 design units, including 1 entities, in source file db/sign_div_unsign_inh.tdf
    Info (12023): Found entity 1: sign_div_unsign_inh File: C:/Users/Brayan/Desktop/2024-1/digital/sensor/color sensor/db/sign_div_unsign_inh.tdf Line: 25
Info (12021): Found 1 design units, including 1 entities, in source file db/alt_u_div_faf.tdf
    Info (12023): Found entity 1: alt_u_div_faf File: C:/Users/Brayan/Desktop/2024-1/digital/sensor/color sensor/db/alt_u_div_faf.tdf Line: 27
Info (12130): Elaborated megafunction instantiation "color_sensor3:sensor_inst|lpm_divide:Div2" File: C:/Users/Brayan/Desktop/2024-1/digital/sensor/color sensor/color_sensor3.v Line: 105
Info (12133): Instantiated megafunction "color_sensor3:sensor_inst|lpm_divide:Div2" with the following parameter: File: C:/Users/Brayan/Desktop/2024-1/digital/sensor/color sensor/color_sensor3.v Line: 105
    Info (12134): Parameter "LPM_WIDTHN" = "29"
    Info (12134): Parameter "LPM_WIDTHD" = "21"
    Info (12134): Parameter "LPM_NREPRESENTATION" = "UNSIGNED"
    Info (12134): Parameter "LPM_DREPRESENTATION" = "UNSIGNED"
Info (13014): Ignored 57 buffer(s)
    Info (13019): Ignored 57 SOFT buffer(s)
Warning (13024): Output pins are stuck at VCC or GND
    Warning (13410): Pin "led_s0_s1[0]" is stuck at GND File: C:/Users/Brayan/Desktop/2024-1/digital/sensor/color sensor/top_module.v Line: 10
    Warning (13410): Pin "led_s0_s1[1]" is stuck at VCC File: C:/Users/Brayan/Desktop/2024-1/digital/sensor/color sensor/top_module.v Line: 10
    Warning (13410): Pin "led_s0_s1[2]" is stuck at GND File: C:/Users/Brayan/Desktop/2024-1/digital/sensor/color sensor/top_module.v Line: 10
Info (286030): Timing-Driven Synthesis is running
Info (17049): 8 registers lost all their fanouts during netlist optimizations.
Info (16010): Generating hard_block partition "hard_block:auto_generated_inst"
    Info (16011): Adding 0 node(s), including 0 DDIO, 0 PLL, 0 transceiver and 0 LCELL
Info (21057): Implemented 2624 device resources after synthesis - the final resource count might be different
    Info (21058): Implemented 2 input pins
    Info (21059): Implemented 9 output pins
    Info (21061): Implemented 2607 logic cells
    Info (21062): Implemented 6 DSP elements
Info: Quartus Prime Analysis & Synthesis was successful. 0 errors, 17 warnings
    Info: Peak virtual memory: 4835 megabytes
    Info: Processing ended: Wed Sep 11 23:24:30 2024
    Info: Elapsed time: 00:00:28
    Info: Total CPU time (on all processors): 00:00:45


