#! /c/Source/iverilog-install/bin/vvp
:ivl_version "12.0 (devel)" "(s20150603-1539-g2693dd32b)";
:ivl_delay_selection "TYPICAL";
:vpi_time_precision - 12;
:vpi_module "D:\iverilog\lib\ivl\system.vpi";
:vpi_module "D:\iverilog\lib\ivl\vhdl_sys.vpi";
:vpi_module "D:\iverilog\lib\ivl\vhdl_textio.vpi";
:vpi_module "D:\iverilog\lib\ivl\v2005_math.vpi";
:vpi_module "D:\iverilog\lib\ivl\va_math.vpi";
S_0000015c8d6f4220 .scope module, "lcd1602_TB" "lcd1602_TB" 2 5;
 .timescale -9 -12;
L_0000015c8d7b0088 .functor BUFT 1, C4<00>, C4<0>, C4<0>, C4<0>;
v0000015c8d772a90_0 .net *"_ivl_3", 1 0, L_0000015c8d7b0088;  1 drivers
v0000015c8d772c70_0 .var "clk", 0 0;
v0000015c8d7726d0_0 .var "message_select", 0 0;
v0000015c8d772f90_0 .var "ready_i", 0 0;
v0000015c8d772950_0 .var "rst", 0 0;
L_0000015c8d772e50 .concat [ 1 2 0 0], v0000015c8d7726d0_0, L_0000015c8d7b0088;
S_0000015c8d711480 .scope begin, "TEST_CASE" "TEST_CASE" 2 38, 2 38 0, S_0000015c8d6f4220;
 .timescale -9 -12;
S_0000015c8d711610 .scope module, "uut" "LCD1602_controller1" 2 11, 3 160 0, S_0000015c8d6f4220;
 .timescale -9 -12;
    .port_info 0 /INPUT 1 "clk";
    .port_info 1 /INPUT 1 "reset";
    .port_info 2 /INPUT 1 "ready_i";
    .port_info 3 /INPUT 3 "message_select";
    .port_info 4 /OUTPUT 1 "rs";
    .port_info 5 /OUTPUT 1 "rw";
    .port_info 6 /OUTPUT 1 "enable";
    .port_info 7 /OUTPUT 8 "data";
P_0000015c8d6c2530 .param/l "CLEAR_DISPLAY" 1 3 189, C4<00000001>;
P_0000015c8d6c2568 .param/l "CMD1" 1 3 174, C4<0001>;
P_0000015c8d6c25a0 .param/l "CMD2" 1 3 176, C4<0011>;
P_0000015c8d6c25d8 .param/l "CMD3" 1 3 178, C4<0101>;
P_0000015c8d6c2610 .param/l "CMD4" 1 3 180, C4<0111>;
P_0000015c8d6c2648 .param/l "COUNT_MAX" 0 3 161, +C4<00000000000000000000000000110010>;
P_0000015c8d6c2680 .param/l "DATA_1L" 1 3 175, C4<0010>;
P_0000015c8d6c26b8 .param/l "DATA_2L" 1 3 177, C4<0100>;
P_0000015c8d6c26f0 .param/l "DATA_3L" 1 3 179, C4<0110>;
P_0000015c8d6c2728 .param/l "DATA_4L" 1 3 181, C4<1000>;
P_0000015c8d6c2760 .param/l "DISPON_CURSOROFF" 1 3 191, C4<00001100>;
P_0000015c8d6c2798 .param/l "IDLE" 1 3 173, C4<0000>;
P_0000015c8d6c27d0 .param/l "LINES2_MATRIX5x8_MODE8bit" 1 3 192, C4<00111000>;
P_0000015c8d6c2808 .param/l "SHIFT_CURSOR_RIGHT" 1 3 190, C4<00000110>;
P_0000015c8d6c2840 .param/l "START_2LINE" 1 3 193, C4<11000000>;
P_0000015c8d6c2878 .param/l "START_3LINE" 1 3 194, C4<10010100>;
P_0000015c8d6c28b0 .param/l "START_4LINE" 1 3 195, C4<11010100>;
P_0000015c8d6c28e8 .param/l "num_commands" 0 3 161, +C4<00000000000000000000000000000100>;
P_0000015c8d6c2920 .param/l "num_data_all" 0 3 161, +C4<00000000000000000000000011110000>;
P_0000015c8d6c2958 .param/l "num_data_perline" 0 3 161, +C4<00000000000000000000000000010100>;
L_0000015c8d714e60 .functor BUFZ 1, v0000015c8d6f4770_0, C4<0>, C4<0>, C4<0>;
v0000015c8d6c2c70_0 .net "clk", 0 0, v0000015c8d772c70_0;  1 drivers
v0000015c8d6f4770_0 .var "clk_16ms", 0 0;
v0000015c8d6acd30_0 .var "command_counter", 2 0;
v0000015c8d7117a0 .array "config_memory", 3 0, 7 0;
v0000015c8d711840_0 .var "counter", 5 0;
v0000015c8d772040_0 .var "data", 7 0;
v0000015c8d7720e0_0 .var "data_counter", 5 0;
v0000015c8d772180 .array "data_memory", 239 0, 7 0;
v0000015c8d772220_0 .net "enable", 0 0, L_0000015c8d714e60;  1 drivers
v0000015c8d7722c0_0 .var "fsm_state", 3 0;
v0000015c8d772b30_0 .net "message_select", 2 0, L_0000015c8d772e50;  1 drivers
v0000015c8d773210_0 .var "next", 3 0;
v0000015c8d772630_0 .net "ready_i", 0 0, v0000015c8d772f90_0;  1 drivers
v0000015c8d7723b0_0 .net "reset", 0 0, v0000015c8d772950_0;  1 drivers
v0000015c8d772bd0_0 .var "rs", 0 0;
v0000015c8d7730d0_0 .var "rw", 0 0;
v0000015c8d7728b0_0 .var "start_address", 6 0;
E_0000015c8d6edc90 .event posedge, v0000015c8d6f4770_0;
E_0000015c8d6ee610 .event anyedge, v0000015c8d7722c0_0, v0000015c8d772630_0, v0000015c8d6acd30_0, v0000015c8d7720e0_0;
E_0000015c8d6ee810 .event anyedge, v0000015c8d772b30_0;
E_0000015c8d6edb90 .event posedge, v0000015c8d6c2c70_0;
    .scope S_0000015c8d711610;
T_0 ;
    %pushi/vec4 0, 0, 4;
    %assign/vec4 v0000015c8d7722c0_0, 0;
    %pushi/vec4 0, 0, 3;
    %assign/vec4 v0000015c8d6acd30_0, 0;
    %pushi/vec4 0, 0, 6;
    %assign/vec4 v0000015c8d7720e0_0, 0;
    %pushi/vec4 0, 0, 1;
    %assign/vec4 v0000015c8d772bd0_0, 0;
    %pushi/vec4 0, 0, 1;
    %assign/vec4 v0000015c8d7730d0_0, 0;
    %pushi/vec4 0, 0, 8;
    %assign/vec4 v0000015c8d772040_0, 0;
    %pushi/vec4 0, 0, 1;
    %assign/vec4 v0000015c8d6f4770_0, 0;
    %pushi/vec4 0, 0, 6;
    %assign/vec4 v0000015c8d711840_0, 0;
    %vpi_call 3 218 "$readmemh", "C:/Users/Brayan/Desktop/2024-1/digital/LCD/texto/data.txt", v0000015c8d772180 {0 0 0};
    %pushi/vec4 56, 0, 8;
    %ix/load 3, 0, 0;
    %flag_set/imm 4, 0;
    %ix/load 4, 0, 0; Constant delay
    %assign/vec4/a/d v0000015c8d7117a0, 0, 4;
    %pushi/vec4 6, 0, 8;
    %ix/load 3, 1, 0;
    %flag_set/imm 4, 0;
    %ix/load 4, 0, 0; Constant delay
    %assign/vec4/a/d v0000015c8d7117a0, 0, 4;
    %pushi/vec4 12, 0, 8;
    %ix/load 3, 2, 0;
    %flag_set/imm 4, 0;
    %ix/load 4, 0, 0; Constant delay
    %assign/vec4/a/d v0000015c8d7117a0, 0, 4;
    %pushi/vec4 1, 0, 8;
    %ix/load 3, 3, 0;
    %flag_set/imm 4, 0;
    %ix/load 4, 0, 0; Constant delay
    %assign/vec4/a/d v0000015c8d7117a0, 0, 4;
    %end;
    .thread T_0;
    .scope S_0000015c8d711610;
T_1 ;
    %wait E_0000015c8d6edb90;
    %load/vec4 v0000015c8d711840_0;
    %pad/u 32;
    %cmpi/e 49, 0, 32;
    %jmp/0xz  T_1.0, 4;
    %load/vec4 v0000015c8d6f4770_0;
    %inv;
    %assign/vec4 v0000015c8d6f4770_0, 0;
    %pushi/vec4 0, 0, 6;
    %assign/vec4 v0000015c8d711840_0, 0;
    %jmp T_1.1;
T_1.0 ;
    %load/vec4 v0000015c8d711840_0;
    %addi 1, 0, 6;
    %assign/vec4 v0000015c8d711840_0, 0;
T_1.1 ;
    %jmp T_1;
    .thread T_1;
    .scope S_0000015c8d711610;
T_2 ;
    %wait E_0000015c8d6edc90;
    %load/vec4 v0000015c8d7723b0_0;
    %pad/u 32;
    %cmpi/e 0, 0, 32;
    %jmp/0xz  T_2.0, 4;
    %pushi/vec4 0, 0, 4;
    %assign/vec4 v0000015c8d7722c0_0, 0;
    %jmp T_2.1;
T_2.0 ;
    %load/vec4 v0000015c8d773210_0;
    %assign/vec4 v0000015c8d7722c0_0, 0;
T_2.1 ;
    %jmp T_2;
    .thread T_2;
    .scope S_0000015c8d711610;
T_3 ;
    %wait E_0000015c8d6ee810;
    %load/vec4 v0000015c8d772b30_0;
    %dup/vec4;
    %pushi/vec4 0, 0, 3;
    %cmp/u;
    %jmp/1 T_3.0, 6;
    %dup/vec4;
    %pushi/vec4 1, 0, 3;
    %cmp/u;
    %jmp/1 T_3.1, 6;
    %dup/vec4;
    %pushi/vec4 2, 0, 3;
    %cmp/u;
    %jmp/1 T_3.2, 6;
    %dup/vec4;
    %pushi/vec4 3, 0, 3;
    %cmp/u;
    %jmp/1 T_3.3, 6;
    %dup/vec4;
    %pushi/vec4 4, 0, 3;
    %cmp/u;
    %jmp/1 T_3.4, 6;
    %dup/vec4;
    %pushi/vec4 5, 0, 3;
    %cmp/u;
    %jmp/1 T_3.5, 6;
    %dup/vec4;
    %pushi/vec4 6, 0, 3;
    %cmp/u;
    %jmp/1 T_3.6, 6;
    %dup/vec4;
    %pushi/vec4 7, 0, 3;
    %cmp/u;
    %jmp/1 T_3.7, 6;
    %pushi/vec4 0, 0, 7;
    %store/vec4 v0000015c8d7728b0_0, 0, 7;
    %jmp T_3.9;
T_3.0 ;
    %pushi/vec4 0, 0, 7;
    %assign/vec4 v0000015c8d7728b0_0, 0;
    %jmp T_3.9;
T_3.1 ;
    %pushi/vec4 80, 0, 7;
    %assign/vec4 v0000015c8d7728b0_0, 0;
    %jmp T_3.9;
T_3.2 ;
    %pushi/vec4 32, 0, 7;
    %assign/vec4 v0000015c8d7728b0_0, 0;
    %jmp T_3.9;
T_3.3 ;
    %pushi/vec4 112, 0, 7;
    %assign/vec4 v0000015c8d7728b0_0, 0;
    %jmp T_3.9;
T_3.4 ;
    %pushi/vec4 64, 0, 7;
    %assign/vec4 v0000015c8d7728b0_0, 0;
    %jmp T_3.9;
T_3.5 ;
    %pushi/vec4 16, 0, 7;
    %assign/vec4 v0000015c8d7728b0_0, 0;
    %jmp T_3.9;
T_3.6 ;
    %pushi/vec4 96, 0, 7;
    %assign/vec4 v0000015c8d7728b0_0, 0;
    %jmp T_3.9;
T_3.7 ;
    %pushi/vec4 48, 0, 7;
    %assign/vec4 v0000015c8d7728b0_0, 0;
    %jmp T_3.9;
T_3.9 ;
    %pop/vec4 1;
    %jmp T_3;
    .thread T_3, $push;
    .scope S_0000015c8d711610;
T_4 ;
    %wait E_0000015c8d6ee610;
    %load/vec4 v0000015c8d7722c0_0;
    %dup/vec4;
    %pushi/vec4 0, 0, 4;
    %cmp/u;
    %jmp/1 T_4.0, 6;
    %dup/vec4;
    %pushi/vec4 1, 0, 4;
    %cmp/u;
    %jmp/1 T_4.1, 6;
    %dup/vec4;
    %pushi/vec4 2, 0, 4;
    %cmp/u;
    %jmp/1 T_4.2, 6;
    %dup/vec4;
    %pushi/vec4 3, 0, 4;
    %cmp/u;
    %jmp/1 T_4.3, 6;
    %dup/vec4;
    %pushi/vec4 4, 0, 4;
    %cmp/u;
    %jmp/1 T_4.4, 6;
    %dup/vec4;
    %pushi/vec4 5, 0, 4;
    %cmp/u;
    %jmp/1 T_4.5, 6;
    %dup/vec4;
    %pushi/vec4 6, 0, 4;
    %cmp/u;
    %jmp/1 T_4.6, 6;
    %dup/vec4;
    %pushi/vec4 7, 0, 4;
    %cmp/u;
    %jmp/1 T_4.7, 6;
    %dup/vec4;
    %pushi/vec4 8, 0, 4;
    %cmp/u;
    %jmp/1 T_4.8, 6;
    %pushi/vec4 0, 0, 4;
    %store/vec4 v0000015c8d773210_0, 0, 4;
    %jmp T_4.10;
T_4.0 ;
    %load/vec4 v0000015c8d772630_0;
    %flag_set/vec4 8;
    %jmp/0 T_4.11, 8;
    %pushi/vec4 1, 0, 4;
    %jmp/1 T_4.12, 8;
T_4.11 ; End of true expr.
    %pushi/vec4 0, 0, 4;
    %jmp/0 T_4.12, 8;
 ; End of false expr.
    %blend;
T_4.12;
    %assign/vec4 v0000015c8d773210_0, 0;
    %jmp T_4.10;
T_4.1 ;
    %load/vec4 v0000015c8d6acd30_0;
    %pad/u 32;
    %cmpi/e 4, 0, 32;
    %flag_mov 8, 4;
    %jmp/0 T_4.13, 8;
    %pushi/vec4 2, 0, 4;
    %jmp/1 T_4.14, 8;
T_4.13 ; End of true expr.
    %pushi/vec4 1, 0, 4;
    %jmp/0 T_4.14, 8;
 ; End of false expr.
    %blend;
T_4.14;
    %assign/vec4 v0000015c8d773210_0, 0;
    %jmp T_4.10;
T_4.2 ;
    %load/vec4 v0000015c8d7720e0_0;
    %pad/u 32;
    %cmpi/e 20, 0, 32;
    %jmp/0xz  T_4.15, 4;
    %pushi/vec4 3, 0, 4;
    %assign/vec4 v0000015c8d773210_0, 0;
    %jmp T_4.16;
T_4.15 ;
    %pushi/vec4 2, 0, 4;
    %store/vec4 v0000015c8d773210_0, 0, 4;
T_4.16 ;
    %jmp T_4.10;
T_4.3 ;
    %pushi/vec4 4, 0, 4;
    %assign/vec4 v0000015c8d773210_0, 0;
    %jmp T_4.10;
T_4.4 ;
    %load/vec4 v0000015c8d7720e0_0;
    %pad/u 32;
    %cmpi/e 20, 0, 32;
    %jmp/0xz  T_4.17, 4;
    %pushi/vec4 5, 0, 4;
    %assign/vec4 v0000015c8d773210_0, 0;
    %jmp T_4.18;
T_4.17 ;
    %pushi/vec4 4, 0, 4;
    %store/vec4 v0000015c8d773210_0, 0, 4;
T_4.18 ;
    %jmp T_4.10;
T_4.5 ;
    %pushi/vec4 6, 0, 4;
    %assign/vec4 v0000015c8d773210_0, 0;
    %jmp T_4.10;
T_4.6 ;
    %load/vec4 v0000015c8d7720e0_0;
    %pad/u 32;
    %cmpi/e 20, 0, 32;
    %jmp/0xz  T_4.19, 4;
    %pushi/vec4 7, 0, 4;
    %assign/vec4 v0000015c8d773210_0, 0;
    %jmp T_4.20;
T_4.19 ;
    %pushi/vec4 6, 0, 4;
    %store/vec4 v0000015c8d773210_0, 0, 4;
T_4.20 ;
    %jmp T_4.10;
T_4.7 ;
    %pushi/vec4 8, 0, 4;
    %assign/vec4 v0000015c8d773210_0, 0;
    %jmp T_4.10;
T_4.8 ;
    %load/vec4 v0000015c8d7720e0_0;
    %pad/u 32;
    %cmpi/e 20, 0, 32;
    %flag_mov 8, 4;
    %jmp/0 T_4.21, 8;
    %pushi/vec4 0, 0, 4;
    %jmp/1 T_4.22, 8;
T_4.21 ; End of true expr.
    %pushi/vec4 8, 0, 4;
    %jmp/0 T_4.22, 8;
 ; End of false expr.
    %blend;
T_4.22;
    %assign/vec4 v0000015c8d773210_0, 0;
    %jmp T_4.10;
T_4.10 ;
    %pop/vec4 1;
    %jmp T_4;
    .thread T_4, $push;
    .scope S_0000015c8d711610;
T_5 ;
    %wait E_0000015c8d6edc90;
    %load/vec4 v0000015c8d7723b0_0;
    %pad/u 32;
    %cmpi/e 0, 0, 32;
    %jmp/0xz  T_5.0, 4;
    %pushi/vec4 0, 0, 3;
    %assign/vec4 v0000015c8d6acd30_0, 0;
    %pushi/vec4 0, 0, 6;
    %assign/vec4 v0000015c8d7720e0_0, 0;
    %pushi/vec4 0, 0, 8;
    %assign/vec4 v0000015c8d772040_0, 0;
    %vpi_call 3 304 "$readmemh", "C:/Users/Brayan/Desktop/2024-1/digital/LCD/texto/data.txt", v0000015c8d772180 {0 0 0};
    %jmp T_5.1;
T_5.0 ;
    %load/vec4 v0000015c8d773210_0;
    %dup/vec4;
    %pushi/vec4 0, 0, 4;
    %cmp/u;
    %jmp/1 T_5.2, 6;
    %dup/vec4;
    %pushi/vec4 1, 0, 4;
    %cmp/u;
    %jmp/1 T_5.3, 6;
    %dup/vec4;
    %pushi/vec4 2, 0, 4;
    %cmp/u;
    %jmp/1 T_5.4, 6;
    %dup/vec4;
    %pushi/vec4 3, 0, 4;
    %cmp/u;
    %jmp/1 T_5.5, 6;
    %dup/vec4;
    %pushi/vec4 4, 0, 4;
    %cmp/u;
    %jmp/1 T_5.6, 6;
    %dup/vec4;
    %pushi/vec4 5, 0, 4;
    %cmp/u;
    %jmp/1 T_5.7, 6;
    %dup/vec4;
    %pushi/vec4 6, 0, 4;
    %cmp/u;
    %jmp/1 T_5.8, 6;
    %dup/vec4;
    %pushi/vec4 7, 0, 4;
    %cmp/u;
    %jmp/1 T_5.9, 6;
    %dup/vec4;
    %pushi/vec4 8, 0, 4;
    %cmp/u;
    %jmp/1 T_5.10, 6;
    %jmp T_5.11;
T_5.2 ;
    %pushi/vec4 0, 0, 3;
    %assign/vec4 v0000015c8d6acd30_0, 0;
    %pushi/vec4 0, 0, 6;
    %assign/vec4 v0000015c8d7720e0_0, 0;
    %pushi/vec4 0, 0, 8;
    %assign/vec4 v0000015c8d772040_0, 0;
    %pushi/vec4 0, 0, 1;
    %assign/vec4 v0000015c8d772bd0_0, 0;
    %jmp T_5.11;
T_5.3 ;
    %load/vec4 v0000015c8d6acd30_0;
    %addi 1, 0, 3;
    %assign/vec4 v0000015c8d6acd30_0, 0;
    %pushi/vec4 0, 0, 1;
    %assign/vec4 v0000015c8d772bd0_0, 0;
    %load/vec4 v0000015c8d6acd30_0;
    %pad/u 4;
    %ix/vec4 4;
    %load/vec4a v0000015c8d7117a0, 4;
    %assign/vec4 v0000015c8d772040_0, 0;
    %jmp T_5.11;
T_5.4 ;
    %load/vec4 v0000015c8d7720e0_0;
    %addi 1, 0, 6;
    %assign/vec4 v0000015c8d7720e0_0, 0;
    %pushi/vec4 1, 0, 1;
    %assign/vec4 v0000015c8d772bd0_0, 0;
    %load/vec4 v0000015c8d7728b0_0;
    %load/vec4 v0000015c8d7720e0_0;
    %pad/u 7;
    %add;
    %pad/u 9;
    %ix/vec4 4;
    %load/vec4a v0000015c8d772180, 4;
    %assign/vec4 v0000015c8d772040_0, 0;
    %jmp T_5.11;
T_5.5 ;
    %pushi/vec4 0, 0, 6;
    %assign/vec4 v0000015c8d7720e0_0, 0;
    %pushi/vec4 0, 0, 1;
    %assign/vec4 v0000015c8d772bd0_0, 0;
    %pushi/vec4 192, 0, 8;
    %assign/vec4 v0000015c8d772040_0, 0;
    %jmp T_5.11;
T_5.6 ;
    %load/vec4 v0000015c8d7720e0_0;
    %addi 1, 0, 6;
    %assign/vec4 v0000015c8d7720e0_0, 0;
    %pushi/vec4 1, 0, 1;
    %assign/vec4 v0000015c8d772bd0_0, 0;
    %load/vec4 v0000015c8d7728b0_0;
    %pad/u 32;
    %addi 20, 0, 32;
    %load/vec4 v0000015c8d7720e0_0;
    %pad/u 32;
    %add;
    %ix/vec4 4;
    %load/vec4a v0000015c8d772180, 4;
    %assign/vec4 v0000015c8d772040_0, 0;
    %jmp T_5.11;
T_5.7 ;
    %pushi/vec4 0, 0, 6;
    %assign/vec4 v0000015c8d7720e0_0, 0;
    %pushi/vec4 0, 0, 1;
    %assign/vec4 v0000015c8d772bd0_0, 0;
    %pushi/vec4 148, 0, 8;
    %assign/vec4 v0000015c8d772040_0, 0;
    %jmp T_5.11;
T_5.8 ;
    %load/vec4 v0000015c8d7720e0_0;
    %addi 1, 0, 6;
    %assign/vec4 v0000015c8d7720e0_0, 0;
    %pushi/vec4 1, 0, 1;
    %assign/vec4 v0000015c8d772bd0_0, 0;
    %load/vec4 v0000015c8d7728b0_0;
    %pad/u 32;
    %addi 40, 0, 32;
    %load/vec4 v0000015c8d7720e0_0;
    %pad/u 32;
    %add;
    %ix/vec4 4;
    %load/vec4a v0000015c8d772180, 4;
    %assign/vec4 v0000015c8d772040_0, 0;
    %jmp T_5.11;
T_5.9 ;
    %pushi/vec4 0, 0, 6;
    %assign/vec4 v0000015c8d7720e0_0, 0;
    %pushi/vec4 0, 0, 1;
    %assign/vec4 v0000015c8d772bd0_0, 0;
    %pushi/vec4 212, 0, 8;
    %assign/vec4 v0000015c8d772040_0, 0;
    %jmp T_5.11;
T_5.10 ;
    %load/vec4 v0000015c8d7720e0_0;
    %addi 1, 0, 6;
    %assign/vec4 v0000015c8d7720e0_0, 0;
    %pushi/vec4 1, 0, 1;
    %assign/vec4 v0000015c8d772bd0_0, 0;
    %load/vec4 v0000015c8d7728b0_0;
    %pad/u 32;
    %addi 60, 0, 32;
    %load/vec4 v0000015c8d7720e0_0;
    %pad/u 32;
    %add;
    %ix/vec4 4;
    %load/vec4a v0000015c8d772180, 4;
    %assign/vec4 v0000015c8d772040_0, 0;
    %jmp T_5.11;
T_5.11 ;
    %pop/vec4 1;
T_5.1 ;
    %jmp T_5;
    .thread T_5;
    .scope S_0000015c8d6f4220;
T_6 ;
    %pushi/vec4 0, 0, 1;
    %store/vec4 v0000015c8d772c70_0, 0, 1;
    %pushi/vec4 1, 0, 1;
    %store/vec4 v0000015c8d772950_0, 0, 1;
    %pushi/vec4 1, 0, 1;
    %store/vec4 v0000015c8d772f90_0, 0, 1;
    %pushi/vec4 0, 0, 1;
    %store/vec4 v0000015c8d7726d0_0, 0, 1;
    %delay 10000, 0;
    %pushi/vec4 0, 0, 1;
    %store/vec4 v0000015c8d772950_0, 0, 1;
    %delay 10000, 0;
    %pushi/vec4 1, 0, 1;
    %store/vec4 v0000015c8d772950_0, 0, 1;
    %delay 300000000, 0;
    %delay 10000, 0;
    %pushi/vec4 1, 0, 1;
    %store/vec4 v0000015c8d7726d0_0, 0, 1;
    %delay 300000000, 0;
    %vpi_call 2 33 "$finish" {0 0 0};
    %end;
    .thread T_6;
    .scope S_0000015c8d6f4220;
T_7 ;
    %delay 10000, 0;
    %load/vec4 v0000015c8d772c70_0;
    %inv;
    %store/vec4 v0000015c8d772c70_0, 0, 1;
    %jmp T_7;
    .thread T_7;
    .scope S_0000015c8d6f4220;
T_8 ;
    %fork t_1, S_0000015c8d711480;
    %jmp t_0;
    .scope S_0000015c8d711480;
t_1 ;
    %vpi_call 2 39 "$dumpfile", "LCD1602_controller_TB.vcd" {0 0 0};
    %vpi_call 2 40 "$dumpvars", 32'sb11111111111111111111111111111111, S_0000015c8d711610 {0 0 0};
    %delay 1000000000, 0;
    %vpi_call 2 41 "$finish" {0 0 0};
    %end;
    .scope S_0000015c8d6f4220;
t_0 %join;
    %end;
    .thread T_8;
# The file index is used to find the file name in the following table.
:file_names 4;
    "N/A";
    "<interactive>";
    "lcd1602_TB.v";
    "./LCD1602_controller1.v";
