#! /c/Source/iverilog-install/bin/vvp
:ivl_version "12.0 (devel)" "(s20150603-1539-g2693dd32b)";
:ivl_delay_selection "TYPICAL";
:vpi_time_precision - 12;
:vpi_module "D:\iverilog\lib\ivl\system.vpi";
:vpi_module "D:\iverilog\lib\ivl\vhdl_sys.vpi";
:vpi_module "D:\iverilog\lib\ivl\vhdl_textio.vpi";
:vpi_module "D:\iverilog\lib\ivl\v2005_math.vpi";
:vpi_module "D:\iverilog\lib\ivl\va_math.vpi";
S_0000019b4f1be200 .scope module, "tb_fsm_mascota" "tb_fsm_mascota" 2 4;
 .timescale -9 -12;
v0000019b4f2334f0_0 .var "A", 0 0;
v0000019b4f233090_0 .var "B", 0 0;
v0000019b4f233630_0 .var "C", 0 0;
v0000019b4f233bd0_0 .var "clk", 0 0;
v0000019b4f233ef0_0 .net "output1", 7 0, v0000019b4f1cfa60_0;  1 drivers
v0000019b4f233f90_0 .net "output2", 3 0, v0000019b4f192510_0;  1 drivers
v0000019b4f233590_0 .var "reset", 0 0;
S_0000019b4f1c1450 .scope begin, "TEST_CASE" "TEST_CASE" 2 154, 2 154 0, S_0000019b4f1be200;
 .timescale -9 -12;
S_0000019b4f1cf6f0 .scope module, "uut" "fsm_mascota" 2 16, 3 1 0, S_0000019b4f1be200;
 .timescale 0 0;
    .port_info 0 /INPUT 1 "clk";
    .port_info 1 /INPUT 1 "reset";
    .port_info 2 /INPUT 1 "A";
    .port_info 3 /INPUT 1 "B";
    .port_info 4 /INPUT 1 "C";
    .port_info 5 /OUTPUT 8 "output1";
    .port_info 6 /OUTPUT 4 "output2";
P_0000019b4f17ad40 .param/l "S0" 0 3 12, +C4<00000000000000000000000000000000>;
P_0000019b4f17ad78 .param/l "S1" 0 3 13, +C4<00000000000000000000000000000001>;
P_0000019b4f17adb0 .param/l "S2" 0 3 14, +C4<00000000000000000000000000000010>;
P_0000019b4f17ade8 .param/l "S3" 0 3 15, +C4<00000000000000000000000000000011>;
P_0000019b4f17ae20 .param/l "S4" 0 3 16, +C4<00000000000000000000000000000100>;
v0000019b4f1c15e0_0 .net "A", 0 0, v0000019b4f2334f0_0;  1 drivers
v0000019b4f17bac0_0 .net "B", 0 0, v0000019b4f233090_0;  1 drivers
v0000019b4f17bb60_0 .net "C", 0 0, v0000019b4f233630_0;  1 drivers
v0000019b4f1cf880_0 .net "clk", 0 0, v0000019b4f233bd0_0;  1 drivers
v0000019b4f1cf920_0 .var "current_state", 0 2;
v0000019b4f1cf9c0_0 .var "next_state", 0 2;
v0000019b4f1cfa60_0 .var "output1", 7 0;
v0000019b4f192510_0 .var "output2", 3 0;
v0000019b4f1925b0_0 .net "reset", 0 0, v0000019b4f233590_0;  1 drivers
v0000019b4f192650_0 .var "var_S0", 3 0;
v0000019b4f1926f0_0 .var "var_S1", 3 0;
v0000019b4f192790_0 .var "var_S2", 3 0;
v0000019b4f192830_0 .var "var_S3", 3 0;
v0000019b4f233e50_0 .var "var_S4", 3 0;
E_0000019b4f1bd140/0 .event anyedge, v0000019b4f1cf920_0, v0000019b4f192650_0, v0000019b4f1926f0_0, v0000019b4f192790_0;
E_0000019b4f1bd140/1 .event anyedge, v0000019b4f192830_0, v0000019b4f233e50_0;
E_0000019b4f1bd140 .event/or E_0000019b4f1bd140/0, E_0000019b4f1bd140/1;
E_0000019b4f1bd5c0 .event posedge, v0000019b4f1925b0_0, v0000019b4f1cf880_0;
E_0000019b4f1bd180 .event posedge, v0000019b4f1cf880_0;
    .scope S_0000019b4f1cf6f0;
T_0 ;
    %wait E_0000019b4f1bd5c0;
    %load/vec4 v0000019b4f1925b0_0;
    %flag_set/vec4 8;
    %jmp/0xz  T_0.0, 8;
    %pushi/vec4 0, 0, 3;
    %assign/vec4 v0000019b4f1cf920_0, 0;
    %jmp T_0.1;
T_0.0 ;
    %load/vec4 v0000019b4f1cf9c0_0;
    %assign/vec4 v0000019b4f1cf920_0, 0;
T_0.1 ;
    %jmp T_0;
    .thread T_0;
    .scope S_0000019b4f1cf6f0;
T_1 ;
    %wait E_0000019b4f1bd180;
    %load/vec4 v0000019b4f1cf920_0;
    %dup/vec4;
    %pushi/vec4 0, 0, 3;
    %cmp/u;
    %jmp/1 T_1.0, 6;
    %dup/vec4;
    %pushi/vec4 1, 0, 3;
    %cmp/u;
    %jmp/1 T_1.1, 6;
    %dup/vec4;
    %pushi/vec4 2, 0, 3;
    %cmp/u;
    %jmp/1 T_1.2, 6;
    %dup/vec4;
    %pushi/vec4 3, 0, 3;
    %cmp/u;
    %jmp/1 T_1.3, 6;
    %dup/vec4;
    %pushi/vec4 4, 0, 3;
    %cmp/u;
    %jmp/1 T_1.4, 6;
    %pushi/vec4 0, 0, 3;
    %store/vec4 v0000019b4f1cf9c0_0, 0, 3;
    %jmp T_1.6;
T_1.0 ;
    %load/vec4 v0000019b4f1c15e0_0;
    %flag_set/vec4 8;
    %jmp/0 T_1.7, 8;
    %pushi/vec4 1, 0, 32;
    %jmp/1 T_1.8, 8;
T_1.7 ; End of true expr.
    %load/vec4 v0000019b4f17bb60_0;
    %flag_set/vec4 9;
    %jmp/0 T_1.9, 9;
    %pushi/vec4 4, 0, 32;
    %jmp/1 T_1.10, 9;
T_1.9 ; End of true expr.
    %pushi/vec4 0, 0, 32;
    %jmp/0 T_1.10, 9;
 ; End of false expr.
    %blend;
T_1.10;
    %jmp/0 T_1.8, 8;
 ; End of false expr.
    %blend;
T_1.8;
    %pad/s 3;
    %store/vec4 v0000019b4f1cf9c0_0, 0, 3;
    %jmp T_1.6;
T_1.1 ;
    %load/vec4 v0000019b4f1c15e0_0;
    %flag_set/vec4 8;
    %jmp/0 T_1.11, 8;
    %pushi/vec4 2, 0, 32;
    %jmp/1 T_1.12, 8;
T_1.11 ; End of true expr.
    %load/vec4 v0000019b4f17bb60_0;
    %flag_set/vec4 9;
    %jmp/0 T_1.13, 9;
    %pushi/vec4 0, 0, 32;
    %jmp/1 T_1.14, 9;
T_1.13 ; End of true expr.
    %pushi/vec4 1, 0, 32;
    %jmp/0 T_1.14, 9;
 ; End of false expr.
    %blend;
T_1.14;
    %jmp/0 T_1.12, 8;
 ; End of false expr.
    %blend;
T_1.12;
    %pad/s 3;
    %store/vec4 v0000019b4f1cf9c0_0, 0, 3;
    %jmp T_1.6;
T_1.2 ;
    %load/vec4 v0000019b4f1c15e0_0;
    %flag_set/vec4 8;
    %jmp/0 T_1.15, 8;
    %pushi/vec4 3, 0, 32;
    %jmp/1 T_1.16, 8;
T_1.15 ; End of true expr.
    %load/vec4 v0000019b4f17bb60_0;
    %flag_set/vec4 9;
    %jmp/0 T_1.17, 9;
    %pushi/vec4 1, 0, 32;
    %jmp/1 T_1.18, 9;
T_1.17 ; End of true expr.
    %pushi/vec4 2, 0, 32;
    %jmp/0 T_1.18, 9;
 ; End of false expr.
    %blend;
T_1.18;
    %jmp/0 T_1.16, 8;
 ; End of false expr.
    %blend;
T_1.16;
    %pad/s 3;
    %store/vec4 v0000019b4f1cf9c0_0, 0, 3;
    %jmp T_1.6;
T_1.3 ;
    %load/vec4 v0000019b4f1c15e0_0;
    %flag_set/vec4 8;
    %jmp/0 T_1.19, 8;
    %pushi/vec4 4, 0, 32;
    %jmp/1 T_1.20, 8;
T_1.19 ; End of true expr.
    %load/vec4 v0000019b4f17bb60_0;
    %flag_set/vec4 9;
    %jmp/0 T_1.21, 9;
    %pushi/vec4 2, 0, 32;
    %jmp/1 T_1.22, 9;
T_1.21 ; End of true expr.
    %pushi/vec4 3, 0, 32;
    %jmp/0 T_1.22, 9;
 ; End of false expr.
    %blend;
T_1.22;
    %jmp/0 T_1.20, 8;
 ; End of false expr.
    %blend;
T_1.20;
    %pad/s 3;
    %store/vec4 v0000019b4f1cf9c0_0, 0, 3;
    %jmp T_1.6;
T_1.4 ;
    %load/vec4 v0000019b4f1c15e0_0;
    %flag_set/vec4 8;
    %jmp/0 T_1.23, 8;
    %pushi/vec4 0, 0, 32;
    %jmp/1 T_1.24, 8;
T_1.23 ; End of true expr.
    %load/vec4 v0000019b4f17bb60_0;
    %flag_set/vec4 9;
    %jmp/0 T_1.25, 9;
    %pushi/vec4 3, 0, 32;
    %jmp/1 T_1.26, 9;
T_1.25 ; End of true expr.
    %pushi/vec4 4, 0, 32;
    %jmp/0 T_1.26, 9;
 ; End of false expr.
    %blend;
T_1.26;
    %jmp/0 T_1.24, 8;
 ; End of false expr.
    %blend;
T_1.24;
    %pad/s 3;
    %store/vec4 v0000019b4f1cf9c0_0, 0, 3;
    %jmp T_1.6;
T_1.6 ;
    %pop/vec4 1;
    %jmp T_1;
    .thread T_1;
    .scope S_0000019b4f1cf6f0;
T_2 ;
    %wait E_0000019b4f1bd5c0;
    %load/vec4 v0000019b4f1925b0_0;
    %flag_set/vec4 8;
    %jmp/0xz  T_2.0, 8;
    %pushi/vec4 0, 0, 4;
    %assign/vec4 v0000019b4f192650_0, 0;
    %pushi/vec4 0, 0, 4;
    %assign/vec4 v0000019b4f1926f0_0, 0;
    %pushi/vec4 0, 0, 4;
    %assign/vec4 v0000019b4f192790_0, 0;
    %pushi/vec4 0, 0, 4;
    %assign/vec4 v0000019b4f192830_0, 0;
    %pushi/vec4 0, 0, 4;
    %assign/vec4 v0000019b4f233e50_0, 0;
    %jmp T_2.1;
T_2.0 ;
    %load/vec4 v0000019b4f17bac0_0;
    %flag_set/vec4 8;
    %jmp/0xz  T_2.2, 8;
    %load/vec4 v0000019b4f1cf920_0;
    %dup/vec4;
    %pushi/vec4 0, 0, 3;
    %cmp/u;
    %jmp/1 T_2.4, 6;
    %dup/vec4;
    %pushi/vec4 1, 0, 3;
    %cmp/u;
    %jmp/1 T_2.5, 6;
    %dup/vec4;
    %pushi/vec4 2, 0, 3;
    %cmp/u;
    %jmp/1 T_2.6, 6;
    %dup/vec4;
    %pushi/vec4 3, 0, 3;
    %cmp/u;
    %jmp/1 T_2.7, 6;
    %dup/vec4;
    %pushi/vec4 4, 0, 3;
    %cmp/u;
    %jmp/1 T_2.8, 6;
    %jmp T_2.9;
T_2.4 ;
    %load/vec4 v0000019b4f192650_0;
    %addi 1, 0, 4;
    %assign/vec4 v0000019b4f192650_0, 0;
    %jmp T_2.9;
T_2.5 ;
    %load/vec4 v0000019b4f1926f0_0;
    %addi 1, 0, 4;
    %assign/vec4 v0000019b4f1926f0_0, 0;
    %jmp T_2.9;
T_2.6 ;
    %load/vec4 v0000019b4f192790_0;
    %addi 1, 0, 4;
    %assign/vec4 v0000019b4f192790_0, 0;
    %jmp T_2.9;
T_2.7 ;
    %load/vec4 v0000019b4f192830_0;
    %addi 1, 0, 4;
    %assign/vec4 v0000019b4f192830_0, 0;
    %jmp T_2.9;
T_2.8 ;
    %load/vec4 v0000019b4f233e50_0;
    %addi 1, 0, 4;
    %assign/vec4 v0000019b4f233e50_0, 0;
    %jmp T_2.9;
T_2.9 ;
    %pop/vec4 1;
T_2.2 ;
T_2.1 ;
    %jmp T_2;
    .thread T_2;
    .scope S_0000019b4f1cf6f0;
T_3 ;
    %wait E_0000019b4f1bd140;
    %load/vec4 v0000019b4f1cf920_0;
    %dup/vec4;
    %pushi/vec4 0, 0, 3;
    %cmp/u;
    %jmp/1 T_3.0, 6;
    %dup/vec4;
    %pushi/vec4 1, 0, 3;
    %cmp/u;
    %jmp/1 T_3.1, 6;
    %dup/vec4;
    %pushi/vec4 2, 0, 3;
    %cmp/u;
    %jmp/1 T_3.2, 6;
    %dup/vec4;
    %pushi/vec4 3, 0, 3;
    %cmp/u;
    %jmp/1 T_3.3, 6;
    %dup/vec4;
    %pushi/vec4 4, 0, 3;
    %cmp/u;
    %jmp/1 T_3.4, 6;
    %jmp T_3.5;
T_3.0 ;
    %load/vec4 v0000019b4f192650_0;
    %pad/u 8;
    %store/vec4 v0000019b4f1cfa60_0, 0, 8;
    %pushi/vec4 0, 0, 4;
    %store/vec4 v0000019b4f192510_0, 0, 4;
    %jmp T_3.5;
T_3.1 ;
    %load/vec4 v0000019b4f1926f0_0;
    %pad/u 8;
    %store/vec4 v0000019b4f1cfa60_0, 0, 8;
    %pushi/vec4 1, 0, 4;
    %store/vec4 v0000019b4f192510_0, 0, 4;
    %jmp T_3.5;
T_3.2 ;
    %load/vec4 v0000019b4f192790_0;
    %pad/u 8;
    %store/vec4 v0000019b4f1cfa60_0, 0, 8;
    %pushi/vec4 2, 0, 4;
    %store/vec4 v0000019b4f192510_0, 0, 4;
    %jmp T_3.5;
T_3.3 ;
    %load/vec4 v0000019b4f192830_0;
    %pad/u 8;
    %store/vec4 v0000019b4f1cfa60_0, 0, 8;
    %pushi/vec4 3, 0, 4;
    %store/vec4 v0000019b4f192510_0, 0, 4;
    %jmp T_3.5;
T_3.4 ;
    %load/vec4 v0000019b4f233e50_0;
    %pad/u 8;
    %store/vec4 v0000019b4f1cfa60_0, 0, 8;
    %pushi/vec4 4, 0, 4;
    %store/vec4 v0000019b4f192510_0, 0, 4;
    %jmp T_3.5;
T_3.5 ;
    %pop/vec4 1;
    %jmp T_3;
    .thread T_3, $push;
    .scope S_0000019b4f1be200;
T_4 ;
    %delay 5000, 0;
    %load/vec4 v0000019b4f233bd0_0;
    %inv;
    %store/vec4 v0000019b4f233bd0_0, 0, 1;
    %jmp T_4;
    .thread T_4;
    .scope S_0000019b4f1be200;
T_5 ;
    %pushi/vec4 0, 0, 1;
    %store/vec4 v0000019b4f233bd0_0, 0, 1;
    %pushi/vec4 0, 0, 1;
    %store/vec4 v0000019b4f233590_0, 0, 1;
    %pushi/vec4 0, 0, 1;
    %store/vec4 v0000019b4f2334f0_0, 0, 1;
    %pushi/vec4 0, 0, 1;
    %store/vec4 v0000019b4f233090_0, 0, 1;
    %pushi/vec4 0, 0, 1;
    %store/vec4 v0000019b4f233630_0, 0, 1;
    %pushi/vec4 1, 0, 1;
    %store/vec4 v0000019b4f233590_0, 0, 1;
    %delay 10000, 0;
    %pushi/vec4 0, 0, 1;
    %store/vec4 v0000019b4f233590_0, 0, 1;
    %delay 30000, 0;
    %pushi/vec4 1, 0, 1;
    %store/vec4 v0000019b4f2334f0_0, 0, 1;
    %delay 10000, 0;
    %pushi/vec4 0, 0, 1;
    %store/vec4 v0000019b4f2334f0_0, 0, 1;
    %delay 30000, 0;
    %pushi/vec4 1, 0, 1;
    %store/vec4 v0000019b4f233090_0, 0, 1;
    %delay 10000, 0;
    %pushi/vec4 0, 0, 1;
    %store/vec4 v0000019b4f233090_0, 0, 1;
    %delay 30000, 0;
    %pushi/vec4 1, 0, 1;
    %store/vec4 v0000019b4f233090_0, 0, 1;
    %delay 10000, 0;
    %pushi/vec4 0, 0, 1;
    %store/vec4 v0000019b4f233090_0, 0, 1;
    %delay 30000, 0;
    %pushi/vec4 1, 0, 1;
    %store/vec4 v0000019b4f233090_0, 0, 1;
    %delay 10000, 0;
    %pushi/vec4 0, 0, 1;
    %store/vec4 v0000019b4f233090_0, 0, 1;
    %delay 30000, 0;
    %pushi/vec4 1, 0, 1;
    %store/vec4 v0000019b4f233090_0, 0, 1;
    %delay 10000, 0;
    %pushi/vec4 0, 0, 1;
    %store/vec4 v0000019b4f233090_0, 0, 1;
    %delay 30000, 0;
    %pushi/vec4 1, 0, 1;
    %store/vec4 v0000019b4f2334f0_0, 0, 1;
    %delay 10000, 0;
    %pushi/vec4 0, 0, 1;
    %store/vec4 v0000019b4f2334f0_0, 0, 1;
    %delay 30000, 0;
    %pushi/vec4 1, 0, 1;
    %store/vec4 v0000019b4f233090_0, 0, 1;
    %delay 10000, 0;
    %pushi/vec4 0, 0, 1;
    %store/vec4 v0000019b4f233090_0, 0, 1;
    %delay 30000, 0;
    %pushi/vec4 1, 0, 1;
    %store/vec4 v0000019b4f2334f0_0, 0, 1;
    %delay 10000, 0;
    %pushi/vec4 0, 0, 1;
    %store/vec4 v0000019b4f2334f0_0, 0, 1;
    %delay 30000, 0;
    %pushi/vec4 1, 0, 1;
    %store/vec4 v0000019b4f233090_0, 0, 1;
    %delay 10000, 0;
    %pushi/vec4 0, 0, 1;
    %store/vec4 v0000019b4f233090_0, 0, 1;
    %delay 30000, 0;
    %pushi/vec4 1, 0, 1;
    %store/vec4 v0000019b4f2334f0_0, 0, 1;
    %delay 10000, 0;
    %pushi/vec4 0, 0, 1;
    %store/vec4 v0000019b4f2334f0_0, 0, 1;
    %delay 30000, 0;
    %pushi/vec4 1, 0, 1;
    %store/vec4 v0000019b4f233090_0, 0, 1;
    %delay 10000, 0;
    %pushi/vec4 0, 0, 1;
    %store/vec4 v0000019b4f233090_0, 0, 1;
    %delay 30000, 0;
    %pushi/vec4 1, 0, 1;
    %store/vec4 v0000019b4f233090_0, 0, 1;
    %delay 10000, 0;
    %pushi/vec4 0, 0, 1;
    %store/vec4 v0000019b4f233090_0, 0, 1;
    %delay 30000, 0;
    %pushi/vec4 1, 0, 1;
    %store/vec4 v0000019b4f233090_0, 0, 1;
    %delay 10000, 0;
    %pushi/vec4 0, 0, 1;
    %store/vec4 v0000019b4f233090_0, 0, 1;
    %delay 30000, 0;
    %pushi/vec4 1, 0, 1;
    %store/vec4 v0000019b4f2334f0_0, 0, 1;
    %delay 10000, 0;
    %pushi/vec4 0, 0, 1;
    %store/vec4 v0000019b4f2334f0_0, 0, 1;
    %delay 30000, 0;
    %pushi/vec4 1, 0, 1;
    %store/vec4 v0000019b4f233090_0, 0, 1;
    %delay 10000, 0;
    %pushi/vec4 0, 0, 1;
    %store/vec4 v0000019b4f233090_0, 0, 1;
    %delay 30000, 0;
    %pushi/vec4 1, 0, 1;
    %store/vec4 v0000019b4f233090_0, 0, 1;
    %delay 10000, 0;
    %pushi/vec4 0, 0, 1;
    %store/vec4 v0000019b4f233090_0, 0, 1;
    %delay 30000, 0;
    %pushi/vec4 1, 0, 1;
    %store/vec4 v0000019b4f233090_0, 0, 1;
    %delay 10000, 0;
    %pushi/vec4 0, 0, 1;
    %store/vec4 v0000019b4f233090_0, 0, 1;
    %delay 30000, 0;
    %pushi/vec4 1, 0, 1;
    %store/vec4 v0000019b4f233630_0, 0, 1;
    %delay 10000, 0;
    %pushi/vec4 0, 0, 1;
    %store/vec4 v0000019b4f233630_0, 0, 1;
    %delay 30000, 0;
    %pushi/vec4 1, 0, 1;
    %store/vec4 v0000019b4f233630_0, 0, 1;
    %delay 10000, 0;
    %pushi/vec4 0, 0, 1;
    %store/vec4 v0000019b4f233630_0, 0, 1;
    %delay 30000, 0;
    %pushi/vec4 1, 0, 1;
    %store/vec4 v0000019b4f233630_0, 0, 1;
    %delay 10000, 0;
    %pushi/vec4 0, 0, 1;
    %store/vec4 v0000019b4f233630_0, 0, 1;
    %delay 30000, 0;
    %pushi/vec4 1, 0, 1;
    %store/vec4 v0000019b4f233630_0, 0, 1;
    %delay 10000, 0;
    %pushi/vec4 0, 0, 1;
    %store/vec4 v0000019b4f233630_0, 0, 1;
    %delay 30000, 0;
    %pushi/vec4 1, 0, 1;
    %store/vec4 v0000019b4f233630_0, 0, 1;
    %delay 10000, 0;
    %pushi/vec4 0, 0, 1;
    %store/vec4 v0000019b4f233630_0, 0, 1;
    %delay 30000, 0;
    %pushi/vec4 1, 0, 1;
    %store/vec4 v0000019b4f233590_0, 0, 1;
    %delay 10000, 0;
    %pushi/vec4 0, 0, 1;
    %store/vec4 v0000019b4f233590_0, 0, 1;
    %delay 30000, 0;
    %vpi_call 2 152 "$stop" {0 0 0};
    %end;
    .thread T_5;
    .scope S_0000019b4f1be200;
T_6 ;
    %fork t_1, S_0000019b4f1c1450;
    %jmp t_0;
    .scope S_0000019b4f1c1450;
t_1 ;
    %vpi_call 2 155 "$dumpfile", "fsm_mascota_tb.vcd" {0 0 0};
    %vpi_call 2 156 "$dumpvars", 32'sb11111111111111111111111111111111, S_0000019b4f1cf6f0 {0 0 0};
    %delay 1000000, 0;
    %vpi_call 2 157 "$finish" {0 0 0};
    %end;
    .scope S_0000019b4f1be200;
t_0 %join;
    %end;
    .thread T_6;
# The file index is used to find the file name in the following table.
:file_names 4;
    "N/A";
    "<interactive>";
    "tb_fsm_mascota.v";
    "./fsm_mascota.v";
